#
# There is insufficient memory for the Java Runtime Environment to continue.
# Native memory allocation (malloc) failed to allocate 542272 bytes. Error detail: Chunk::new
# Possible reasons:
#   The system is out of physical RAM or swap space
#   This process is running with CompressedOops enabled, and the Java Heap may be blocking the growth of the native heap
# Possible solutions:
#   Reduce memory load on the system
#   Increase physical memory or swap space
#   Check if swap backing store is full
#   Decrease Java heap size (-Xmx/-Xms)
#   Decrease number of Java threads
#   Decrease Java thread stack sizes (-Xss)
#   Set larger code cache with -XX:ReservedCodeCacheSize=
#   JVM is running with Unscaled Compressed Oops mode in which the Java heap is
#     placed in the first 4GB address space. The Java Heap base address is the
#     maximum limit for the native heap growth. Please use -XX:HeapBaseMinAddress
#     to set the Java Heap base and to place the Java Heap above 4GB virtual address.
# This output file may be truncated or incomplete.
#
#  Out of Memory Error (arena.cpp:168), pid=5588, tid=17824
#
# JRE version: OpenJDK Runtime Environment (21.0.6) (build 21.0.6+-13368085-b895.109)
# Java VM: OpenJDK 64-Bit Server VM (21.0.6+-13368085-b895.109, mixed mode, tiered, compressed oops, compressed class ptrs, g1 gc, windows-amd64)
# No core dump will be written. Minidumps are not enabled by default on client versions of Windows
#

---------------  S U M M A R Y ------------

Command Line: --add-opens=java.base/java.lang=ALL-UNNAMED --add-opens=java.base/java.lang.invoke=ALL-UNNAMED --add-opens=java.base/java.util=ALL-UNNAMED --add-opens=java.prefs/java.util.prefs=ALL-UNNAMED --add-exports=jdk.compiler/com.sun.tools.javac.api=ALL-UNNAMED --add-exports=jdk.compiler/com.sun.tools.javac.util=ALL-UNNAMED --add-opens=java.base/java.util=ALL-UNNAMED --add-opens=java.prefs/java.util.prefs=ALL-UNNAMED --add-opens=java.base/java.nio.charset=ALL-UNNAMED --add-opens=java.base/java.net=ALL-UNNAMED --add-opens=java.base/java.util.concurrent.atomic=ALL-UNNAMED --add-opens=java.xml/javax.xml.namespace=ALL-UNNAMED -Xmx2048m -Dfile.encoding=UTF-8 -Duser.country=KR -Duser.language=ko -Duser.variant -javaagent:C:\Users\Jaekwan\.gradle\wrapper\dists\gradle-8.12-bin\cetblhg4pflnnks72fxwobvgv\gradle-8.12\lib\agents\gradle-instrumentation-agent-8.12.jar org.gradle.launcher.daemon.bootstrap.GradleDaemon 8.12

Host: Intel(R) Core(TM) i5-10500 CPU @ 3.10GHz, 12 cores, 15G,  Windows 10 , 64 bit Build 19041 (10.0.19041.5915)
Time: Fri Jul 25 14:08:40 2025  Windows 10 , 64 bit Build 19041 (10.0.19041.5915) elapsed time: 715.928556 seconds (0d 0h 11m 55s)

---------------  T H R E A D  ---------------

Current thread (0x000002917e6bd980):  JavaThread "C2 CompilerThread1" daemon [_thread_in_native, id=17824, stack(0x0000009455800000,0x0000009455900000) (1024K)]


Current CompileTask:
C2:715928 18888       4       org.gradle.internal.instantiation.generator.ParamsMatchingConstructorSelector::forParams (481 bytes)

Stack: [0x0000009455800000,0x0000009455900000]
Native frames: (J=compiled Java code, j=interpreted, Vv=VM code, C=native code)
V  [jvm.dll+0x6d0639]
V  [jvm.dll+0x85eb03]
V  [jvm.dll+0x86105e]
V  [jvm.dll+0x861743]
V  [jvm.dll+0x27e6e6]
V  [jvm.dll+0xbff6d]
V  [jvm.dll+0xc04a3]
V  [jvm.dll+0x3b61ab]
V  [jvm.dll+0x3820c7]
V  [jvm.dll+0x38153a]
V  [jvm.dll+0x247c82]
V  [jvm.dll+0x247251]
V  [jvm.dll+0x1c5f04]
V  [jvm.dll+0x2569ac]
V  [jvm.dll+0x254ef6]
V  [jvm.dll+0x3f0e96]
V  [jvm.dll+0x806ed8]
V  [jvm.dll+0x6cef0d]
C  [ucrtbase.dll+0x21bb2]
C  [KERNEL32.DLL+0x17374]
C  [ntdll.dll+0x4cc91]


---------------  P R O C E S S  ---------------

Threads class SMR info:
_java_thread_list=0x000002917c32eba0, length=40, elements={
0x000002915a6a05f0, 0x0000029172437750, 0x00000291723ee1c0, 0x0000029172459930,
0x0000029172459f90, 0x000002917243ff00, 0x00000291724412a0, 0x000002917241fd60,
0x000002917245ede0, 0x00000291721f6130, 0x000002917275b0e0, 0x00000291780dd680,
0x00000291781d86b0, 0x0000029178466fe0, 0x0000029178406d60, 0x00000291784073f0,
0x0000029178406040, 0x00000291784087a0, 0x0000029178408e30, 0x0000029179611440,
0x0000029172d19ef0, 0x000002917e694ed0, 0x000002917e691a50, 0x000002917e692e00,
0x000002917e68e5d0, 0x000002917e690d30, 0x000002917e693490, 0x000002917e695560,
0x000002917e6920e0, 0x000002917e68ec60, 0x000002917e695bf0, 0x000002917e6913c0,
0x000002917e6941b0, 0x000002917e693b20, 0x000002917e696280, 0x000002917e6bd980,
0x000002917e692770, 0x000002917e68f2f0, 0x000002917e696910, 0x000002917e6b7a20
}

Java Threads: ( => current thread )
  0x000002915a6a05f0 JavaThread "main"                              [_thread_blocked, id=17680, stack(0x0000009453300000,0x0000009453400000) (1024K)]
  0x0000029172437750 JavaThread "Reference Handler"          daemon [_thread_blocked, id=1212, stack(0x0000009453b00000,0x0000009453c00000) (1024K)]
  0x00000291723ee1c0 JavaThread "Finalizer"                  daemon [_thread_blocked, id=21500, stack(0x0000009453c00000,0x0000009453d00000) (1024K)]
  0x0000029172459930 JavaThread "Signal Dispatcher"          daemon [_thread_blocked, id=8132, stack(0x0000009453d00000,0x0000009453e00000) (1024K)]
  0x0000029172459f90 JavaThread "Attach Listener"            daemon [_thread_blocked, id=14860, stack(0x0000009453e00000,0x0000009453f00000) (1024K)]
  0x000002917243ff00 JavaThread "Service Thread"             daemon [_thread_blocked, id=16520, stack(0x0000009453f00000,0x0000009454000000) (1024K)]
  0x00000291724412a0 JavaThread "Monitor Deflation Thread"   daemon [_thread_blocked, id=8212, stack(0x0000009454000000,0x0000009454100000) (1024K)]
  0x000002917241fd60 JavaThread "C2 CompilerThread0"         daemon [_thread_in_native, id=2356, stack(0x0000009454100000,0x0000009454200000) (1024K)]
  0x000002917245ede0 JavaThread "C1 CompilerThread0"         daemon [_thread_blocked, id=15252, stack(0x0000009454200000,0x0000009454300000) (1024K)]
  0x00000291721f6130 JavaThread "Common-Cleaner"             daemon [_thread_blocked, id=3932, stack(0x0000009454300000,0x0000009454400000) (1024K)]
  0x000002917275b0e0 JavaThread "Notification Thread"        daemon [_thread_blocked, id=1392, stack(0x0000009454400000,0x0000009454500000) (1024K)]
  0x00000291780dd680 JavaThread "Daemon health stats"               [_thread_blocked, id=22216, stack(0x0000009454f00000,0x0000009455000000) (1024K)]
  0x00000291781d86b0 JavaThread "Incoming local TCP Connector on port 61156"        [_thread_in_native, id=19032, stack(0x0000009455000000,0x0000009455100000) (1024K)]
  0x0000029178466fe0 JavaThread "Daemon periodic checks"            [_thread_blocked, id=15136, stack(0x0000009455100000,0x0000009455200000) (1024K)]
  0x0000029178406d60 JavaThread "Cache worker for journal cache (C:\Users\Jaekwan\.gradle\caches\journal-1)"        [_thread_blocked, id=2936, stack(0x0000009455c00000,0x0000009455d00000) (1024K)]
  0x00000291784073f0 JavaThread "File lock request listener"        [_thread_in_native, id=5148, stack(0x0000009455d00000,0x0000009455e00000) (1024K)]
  0x0000029178406040 JavaThread "Cache worker for file hash cache (C:\Users\Jaekwan\.gradle\caches\8.12\fileHashes)"        [_thread_blocked, id=2872, stack(0x0000009455e00000,0x0000009455f00000) (1024K)]
  0x00000291784087a0 JavaThread "File watcher server"        daemon [_thread_in_native, id=12216, stack(0x0000009456100000,0x0000009456200000) (1024K)]
  0x0000029178408e30 JavaThread "File watcher consumer"      daemon [_thread_blocked, id=20456, stack(0x0000009456200000,0x0000009456300000) (1024K)]
  0x0000029179611440 JavaThread "Cache worker for file content cache (C:\Users\Jaekwan\.gradle\caches\8.12\fileContent)"        [_thread_blocked, id=496, stack(0x0000009456400000,0x0000009456500000) (1024K)]
  0x0000029172d19ef0 JavaThread "Memory manager"                    [_thread_blocked, id=16180, stack(0x0000009458900000,0x0000009458a00000) (1024K)]
  0x000002917e694ed0 JavaThread "RMI Scheduler(0)"           daemon [_thread_blocked, id=10268, stack(0x0000009454500000,0x0000009454600000) (1024K)]
  0x000002917e691a50 JavaThread "RMI GC Daemon"              daemon [_thread_blocked, id=5008, stack(0x000000945f000000,0x000000945f100000) (1024K)]
  0x000002917e692e00 JavaThread "RMI TCP Accept-0"           daemon [_thread_in_native, id=5076, stack(0x000000945f100000,0x000000945f200000) (1024K)]
  0x000002917e68e5d0 JavaThread "RMI Reaper"                        [_thread_blocked, id=5572, stack(0x000000945f200000,0x000000945f300000) (1024K)]
  0x000002917e690d30 JavaThread "Cache worker for Java compile cache (C:\Users\Jaekwan\.gradle\caches\8.12\javaCompile)"        [_thread_blocked, id=11624, stack(0x0000009454600000,0x0000009454700000) (1024K)]
  0x000002917e693490 JavaThread "Daemon Thread 3"                   [_thread_blocked, id=1816, stack(0x0000009453000000,0x0000009453100000) (1024K)]
  0x000002917e695560 JavaThread "Handler for socket connection from /127.0.0.1:61156 to /127.0.0.1:61977"        [_thread_in_native, id=19852, stack(0x0000009453100000,0x0000009453200000) (1024K)]
  0x000002917e6920e0 JavaThread "Cancel handler"                    [_thread_blocked, id=18936, stack(0x0000009453200000,0x0000009453300000) (1024K)]
  0x000002917e68ec60 JavaThread "Daemon worker Thread 3"            [_thread_in_Java, id=18252, stack(0x0000009455200000,0x0000009455300000) (1024K)]
  0x000002917e695bf0 JavaThread "Asynchronous log dispatcher for DefaultDaemonConnection: socket connection from /127.0.0.1:61156 to /127.0.0.1:61977"        [_thread_blocked, id=13912, stack(0x0000009455300000,0x0000009455400000) (1024K)]
  0x000002917e6913c0 JavaThread "Stdin handler"                     [_thread_blocked, id=11464, stack(0x0000009455400000,0x0000009455500000) (1024K)]
  0x000002917e6941b0 JavaThread "Daemon client event forwarder"        [_thread_blocked, id=5452, stack(0x0000009455500000,0x0000009455600000) (1024K)]
  0x000002917e693b20 JavaThread "Cache worker for file hash cache (D:\android-practice-jaegwan\UNIT2\Calculator\.gradle\8.12\fileHashes)"        [_thread_blocked, id=9452, stack(0x0000009455600000,0x0000009455700000) (1024K)]
  0x000002917e696280 JavaThread "Cache worker for Build Output Cleanup Cache (D:\android-practice-jaegwan\UNIT2\Calculator\.gradle\buildOutputCleanup)"        [_thread_blocked, id=11184, stack(0x0000009455700000,0x0000009455800000) (1024K)]
=>0x000002917e6bd980 JavaThread "C2 CompilerThread1"         daemon [_thread_in_native, id=17824, stack(0x0000009455800000,0x0000009455900000) (1024K)]
  0x000002917e692770 JavaThread "Cache worker for checksums cache (D:\android-practice-jaegwan\UNIT2\Calculator\.gradle\8.12\checksums)"        [_thread_blocked, id=15156, stack(0x0000009455f00000,0x0000009456000000) (1024K)]
  0x000002917e68f2f0 JavaThread "Cache worker for cache directory md-rule (C:\Users\Jaekwan\.gradle\caches\8.12\md-rule)"        [_thread_blocked, id=8736, stack(0x0000009456000000,0x0000009456100000) (1024K)]
  0x000002917e696910 JavaThread "Cache worker for cache directory md-supplier (C:\Users\Jaekwan\.gradle\caches\8.12\md-supplier)"        [_thread_blocked, id=12504, stack(0x0000009456300000,0x0000009456400000) (1024K)]
  0x000002917e6b7a20 JavaThread "C2 CompilerThread2"         daemon [_thread_in_native, id=20012, stack(0x0000009456500000,0x0000009456600000) (1024K)]
Total: 40

Other Threads:
  0x00000291723a1b60 VMThread "VM Thread"                           [id=17696, stack(0x0000009453a00000,0x0000009453b00000) (1024K)]
  0x00000291721f4de0 WatcherThread "VM Periodic Task Thread"        [id=5616, stack(0x0000009453900000,0x0000009453a00000) (1024K)]
  0x000002915a6f7e50 WorkerThread "GC Thread#0"                     [id=21768, stack(0x0000009453400000,0x0000009453500000) (1024K)]
  0x0000029172dd3ae0 WorkerThread "GC Thread#1"                     [id=22384, stack(0x0000009454700000,0x0000009454800000) (1024K)]
  0x0000029172dd3e80 WorkerThread "GC Thread#2"                     [id=18360, stack(0x0000009454800000,0x0000009454900000) (1024K)]
  0x0000029172dd4220 WorkerThread "GC Thread#3"                     [id=17064, stack(0x0000009454900000,0x0000009454a00000) (1024K)]
  0x0000029172eba4a0 WorkerThread "GC Thread#4"                     [id=22296, stack(0x0000009454a00000,0x0000009454b00000) (1024K)]
  0x0000029172eba840 WorkerThread "GC Thread#5"                     [id=22432, stack(0x0000009454b00000,0x0000009454c00000) (1024K)]
  0x00000291781eb670 WorkerThread "GC Thread#6"                     [id=15164, stack(0x0000009454c00000,0x0000009454d00000) (1024K)]
  0x000002917812a040 WorkerThread "GC Thread#7"                     [id=10336, stack(0x0000009454d00000,0x0000009454e00000) (1024K)]
  0x000002917812a7f0 WorkerThread "GC Thread#8"                     [id=5564, stack(0x0000009454e00000,0x0000009454f00000) (1024K)]
  0x00000291781f9940 WorkerThread "GC Thread#9"                     [id=6596, stack(0x0000009455900000,0x0000009455a00000) (1024K)]
  0x000002915a708d40 ConcurrentGCThread "G1 Main Marker"            [id=20836, stack(0x0000009453500000,0x0000009453600000) (1024K)]
  0x000002915a70a060 WorkerThread "G1 Conc#0"                       [id=12324, stack(0x0000009453600000,0x0000009453700000) (1024K)]
  0x00000291781f9200 WorkerThread "G1 Conc#1"                       [id=12228, stack(0x0000009455a00000,0x0000009455b00000) (1024K)]
  0x00000291781f7fe0 WorkerThread "G1 Conc#2"                       [id=22068, stack(0x0000009455b00000,0x0000009455c00000) (1024K)]
  0x00000291720c56a0 ConcurrentGCThread "G1 Refine#0"               [id=5024, stack(0x0000009453700000,0x0000009453800000) (1024K)]
  0x00000291720c6020 ConcurrentGCThread "G1 Service"                [id=11932, stack(0x0000009453800000,0x0000009453900000) (1024K)]
Total: 18

Threads with active compile tasks:
C2 CompilerThread1  715949 18888       4       org.gradle.internal.instantiation.generator.ParamsMatchingConstructorSelector::forParams (481 bytes)
C2 CompilerThread2  715949 18898   !   4       org.gradle.cache.internal.btree.BTreePersistentIndexedCache::get (57 bytes)
Total: 2

VM state: not at safepoint (normal execution)

VM Mutex/Monitor currently owned by a thread: None

Heap address: 0x0000000080000000, size: 2048 MB, Compressed Oops mode: 32-bit

CDS archive(s) not mapped
Compressed class space mapped at: 0x0000000100000000-0x0000000140000000, reserved size: 1073741824
Narrow klass base: 0x0000000000000000, Narrow klass shift: 3, Narrow klass range: 0x140000000

GC Precious Log:
 CardTable entry size: 512
 Card Set container configuration: InlinePtr #cards 5 size 8 Array Of Cards #cards 12 size 40 Howl #buckets 4 coarsen threshold 1843 Howl Bitmap #cards 512 size 80 coarsen threshold 460 Card regions per heap region 1 cards per card region 2048
 CPUs: 12 total, 12 available
 Memory: 16307M
 Large Page Support: Disabled
 NUMA Support: Disabled
 Compressed Oops: Enabled (32-bit)
 Heap Region Size: 1M
 Heap Min Capacity: 8M
 Heap Initial Capacity: 256M
 Heap Max Capacity: 2G
 Pre-touch: Disabled
 Parallel Workers: 10
 Concurrent Workers: 3
 Concurrent Refinement Workers: 10
 Periodic GC: Disabled

Heap:
 garbage-first heap   total 239616K, used 157902K [0x0000000080000000, 0x0000000100000000)
  region size 1024K, 37 young (37888K), 2 survivors (2048K)
 Metaspace       used 141234K, committed 143680K, reserved 1179648K
  class space    used 19744K, committed 20992K, reserved 1048576K

Heap Regions: E=young(eden), S=young(survivor), O=old, HS=humongous(starts), HC=humongous(continues), CS=collection set, F=free, TAMS=top-at-mark-start, PB=parsable bottom
|   0|0x0000000080000000, 0x0000000080100000, 0x0000000080100000|100%| O|  |TAMS 0x0000000080000000| PB 0x0000000080000000| Untracked 
|   1|0x0000000080100000, 0x0000000080200000, 0x0000000080200000|100%| O|  |TAMS 0x0000000080100000| PB 0x0000000080100000| Untracked 
|   2|0x0000000080200000, 0x0000000080300000, 0x0000000080300000|100%|HS|  |TAMS 0x0000000080200000| PB 0x0000000080200000| Complete 
|   3|0x0000000080300000, 0x0000000080400000, 0x0000000080400000|100%|HC|  |TAMS 0x0000000080300000| PB 0x0000000080300000| Complete 
|   4|0x0000000080400000, 0x0000000080500000, 0x0000000080500000|100%|HC|  |TAMS 0x0000000080400000| PB 0x0000000080400000| Complete 
|   5|0x0000000080500000, 0x0000000080600000, 0x0000000080600000|100%| O|  |TAMS 0x0000000080500000| PB 0x0000000080500000| Untracked 
|   6|0x0000000080600000, 0x0000000080700000, 0x0000000080700000|100%| O|  |TAMS 0x0000000080600000| PB 0x0000000080600000| Untracked 
|   7|0x0000000080700000, 0x0000000080800000, 0x0000000080800000|100%| O|  |TAMS 0x0000000080700000| PB 0x0000000080700000| Untracked 
|   8|0x0000000080800000, 0x0000000080900000, 0x0000000080900000|100%|HS|  |TAMS 0x0000000080800000| PB 0x0000000080800000| Complete 
|   9|0x0000000080900000, 0x0000000080a00000, 0x0000000080a00000|100%| O|  |TAMS 0x0000000080900000| PB 0x0000000080900000| Untracked 
|  10|0x0000000080a00000, 0x0000000080b00000, 0x0000000080b00000|100%| O|  |TAMS 0x0000000080a00000| PB 0x0000000080a00000| Untracked 
|  11|0x0000000080b00000, 0x0000000080c00000, 0x0000000080c00000|100%| O|  |TAMS 0x0000000080b00000| PB 0x0000000080b00000| Untracked 
|  12|0x0000000080c00000, 0x0000000080d00000, 0x0000000080d00000|100%| O|  |TAMS 0x0000000080c00000| PB 0x0000000080c00000| Untracked 
|  13|0x0000000080d00000, 0x0000000080e00000, 0x0000000080e00000|100%| O|  |TAMS 0x0000000080d00000| PB 0x0000000080d00000| Untracked 
|  14|0x0000000080e00000, 0x0000000080f00000, 0x0000000080f00000|100%| O|  |TAMS 0x0000000080e00000| PB 0x0000000080e00000| Untracked 
|  15|0x0000000080f00000, 0x0000000081000000, 0x0000000081000000|100%| O|  |TAMS 0x0000000080f00000| PB 0x0000000080f00000| Untracked 
|  16|0x0000000081000000, 0x0000000081100000, 0x0000000081100000|100%| O|  |TAMS 0x0000000081000000| PB 0x0000000081000000| Untracked 
|  17|0x0000000081100000, 0x0000000081200000, 0x0000000081200000|100%| O|  |TAMS 0x0000000081100000| PB 0x0000000081100000| Untracked 
|  18|0x0000000081200000, 0x0000000081300000, 0x0000000081300000|100%| O|  |TAMS 0x0000000081200000| PB 0x0000000081200000| Untracked 
|  19|0x0000000081300000, 0x0000000081400000, 0x0000000081400000|100%| O|  |TAMS 0x0000000081300000| PB 0x0000000081300000| Untracked 
|  20|0x0000000081400000, 0x0000000081500000, 0x0000000081500000|100%| O|  |TAMS 0x0000000081400000| PB 0x0000000081400000| Untracked 
|  21|0x0000000081500000, 0x0000000081600000, 0x0000000081600000|100%| O|  |TAMS 0x0000000081500000| PB 0x0000000081500000| Untracked 
|  22|0x0000000081600000, 0x0000000081700000, 0x0000000081700000|100%| O|  |TAMS 0x0000000081600000| PB 0x0000000081600000| Untracked 
|  23|0x0000000081700000, 0x0000000081800000, 0x0000000081800000|100%| O|  |TAMS 0x0000000081700000| PB 0x0000000081700000| Untracked 
|  24|0x0000000081800000, 0x0000000081900000, 0x0000000081900000|100%| O|  |TAMS 0x0000000081800000| PB 0x0000000081800000| Untracked 
|  25|0x0000000081900000, 0x0000000081a00000, 0x0000000081a00000|100%| O|  |TAMS 0x0000000081900000| PB 0x0000000081900000| Untracked 
|  26|0x0000000081a00000, 0x0000000081b00000, 0x0000000081b00000|100%| O|  |TAMS 0x0000000081a00000| PB 0x0000000081a00000| Untracked 
|  27|0x0000000081b00000, 0x0000000081c00000, 0x0000000081c00000|100%| O|  |TAMS 0x0000000081b00000| PB 0x0000000081b00000| Untracked 
|  28|0x0000000081c00000, 0x0000000081d00000, 0x0000000081d00000|100%| O|  |TAMS 0x0000000081c00000| PB 0x0000000081c00000| Untracked 
|  29|0x0000000081d00000, 0x0000000081e00000, 0x0000000081e00000|100%| O|  |TAMS 0x0000000081d00000| PB 0x0000000081d00000| Untracked 
|  30|0x0000000081e00000, 0x0000000081f00000, 0x0000000081f00000|100%| O|  |TAMS 0x0000000081e00000| PB 0x0000000081e00000| Untracked 
|  31|0x0000000081f00000, 0x0000000082000000, 0x0000000082000000|100%| O|  |TAMS 0x0000000081f00000| PB 0x0000000081f00000| Untracked 
|  32|0x0000000082000000, 0x0000000082100000, 0x0000000082100000|100%| O|  |TAMS 0x0000000082000000| PB 0x0000000082000000| Untracked 
|  33|0x0000000082100000, 0x0000000082200000, 0x0000000082200000|100%| O|  |TAMS 0x0000000082100000| PB 0x0000000082100000| Untracked 
|  34|0x0000000082200000, 0x0000000082300000, 0x0000000082300000|100%|HS|  |TAMS 0x0000000082200000| PB 0x0000000082200000| Complete 
|  35|0x0000000082300000, 0x0000000082400000, 0x0000000082400000|100%| O|  |TAMS 0x0000000082300000| PB 0x0000000082300000| Untracked 
|  36|0x0000000082400000, 0x0000000082500000, 0x0000000082500000|100%| O|  |TAMS 0x0000000082400000| PB 0x0000000082400000| Untracked 
|  37|0x0000000082500000, 0x0000000082600000, 0x0000000082600000|100%| O|  |TAMS 0x0000000082500000| PB 0x0000000082500000| Untracked 
|  38|0x0000000082600000, 0x0000000082700000, 0x0000000082700000|100%| O|  |TAMS 0x0000000082600000| PB 0x0000000082600000| Untracked 
|  39|0x0000000082700000, 0x0000000082800000, 0x0000000082800000|100%| O|  |TAMS 0x0000000082700000| PB 0x0000000082700000| Untracked 
|  40|0x0000000082800000, 0x0000000082900000, 0x0000000082900000|100%| O|  |TAMS 0x0000000082800000| PB 0x0000000082800000| Untracked 
|  41|0x0000000082900000, 0x0000000082a00000, 0x0000000082a00000|100%|HS|  |TAMS 0x0000000082900000| PB 0x0000000082900000| Complete 
|  42|0x0000000082a00000, 0x0000000082b00000, 0x0000000082b00000|100%|HS|  |TAMS 0x0000000082a00000| PB 0x0000000082a00000| Complete 
|  43|0x0000000082b00000, 0x0000000082c00000, 0x0000000082c00000|100%|HC|  |TAMS 0x0000000082b00000| PB 0x0000000082b00000| Complete 
|  44|0x0000000082c00000, 0x0000000082d00000, 0x0000000082d00000|100%|HS|  |TAMS 0x0000000082c00000| PB 0x0000000082c00000| Complete 
|  45|0x0000000082d00000, 0x0000000082e00000, 0x0000000082e00000|100%|HC|  |TAMS 0x0000000082d00000| PB 0x0000000082d00000| Complete 
|  46|0x0000000082e00000, 0x0000000082f00000, 0x0000000082f00000|100%|HS|  |TAMS 0x0000000082e00000| PB 0x0000000082e00000| Complete 
|  47|0x0000000082f00000, 0x0000000083000000, 0x0000000083000000|100%| O|  |TAMS 0x0000000082f00000| PB 0x0000000082f00000| Untracked 
|  48|0x0000000083000000, 0x0000000083100000, 0x0000000083100000|100%| O|  |TAMS 0x0000000083000000| PB 0x0000000083000000| Untracked 
|  49|0x0000000083100000, 0x0000000083200000, 0x0000000083200000|100%| O|  |TAMS 0x0000000083100000| PB 0x0000000083100000| Untracked 
|  50|0x0000000083200000, 0x0000000083300000, 0x0000000083300000|100%| O|  |TAMS 0x0000000083200000| PB 0x0000000083200000| Untracked 
|  51|0x0000000083300000, 0x0000000083400000, 0x0000000083400000|100%|HS|  |TAMS 0x0000000083300000| PB 0x0000000083300000| Complete 
|  52|0x0000000083400000, 0x0000000083500000, 0x0000000083500000|100%| O|  |TAMS 0x0000000083400000| PB 0x0000000083400000| Untracked 
|  53|0x0000000083500000, 0x0000000083600000, 0x0000000083600000|100%|HS|  |TAMS 0x0000000083500000| PB 0x0000000083500000| Complete 
|  54|0x0000000083600000, 0x0000000083700000, 0x0000000083700000|100%|HS|  |TAMS 0x0000000083600000| PB 0x0000000083600000| Complete 
|  55|0x0000000083700000, 0x0000000083800000, 0x0000000083800000|100%| O|  |TAMS 0x0000000083700000| PB 0x0000000083700000| Untracked 
|  56|0x0000000083800000, 0x0000000083900000, 0x0000000083900000|100%| O|  |TAMS 0x0000000083800000| PB 0x0000000083800000| Untracked 
|  57|0x0000000083900000, 0x0000000083a00000, 0x0000000083a00000|100%| O|  |TAMS 0x0000000083900000| PB 0x0000000083900000| Untracked 
|  58|0x0000000083a00000, 0x0000000083b00000, 0x0000000083b00000|100%| O|  |TAMS 0x0000000083a00000| PB 0x0000000083a00000| Untracked 
|  59|0x0000000083b00000, 0x0000000083c00000, 0x0000000083c00000|100%| O|  |TAMS 0x0000000083b00000| PB 0x0000000083b00000| Untracked 
|  60|0x0000000083c00000, 0x0000000083d00000, 0x0000000083d00000|100%| O|  |TAMS 0x0000000083c00000| PB 0x0000000083c00000| Untracked 
|  61|0x0000000083d00000, 0x0000000083e00000, 0x0000000083e00000|100%| O|  |TAMS 0x0000000083d00000| PB 0x0000000083d00000| Untracked 
|  62|0x0000000083e00000, 0x0000000083f00000, 0x0000000083f00000|100%| O|  |TAMS 0x0000000083e00000| PB 0x0000000083e00000| Untracked 
|  63|0x0000000083f00000, 0x0000000084000000, 0x0000000084000000|100%|HS|  |TAMS 0x0000000083f00000| PB 0x0000000083f00000| Complete 
|  64|0x0000000084000000, 0x0000000084100000, 0x0000000084100000|100%| O|  |TAMS 0x0000000084000000| PB 0x0000000084000000| Untracked 
|  65|0x0000000084100000, 0x0000000084200000, 0x0000000084200000|100%| O|  |TAMS 0x0000000084100000| PB 0x0000000084100000| Untracked 
|  66|0x0000000084200000, 0x0000000084300000, 0x0000000084300000|100%| O|  |TAMS 0x0000000084200000| PB 0x0000000084200000| Untracked 
|  67|0x0000000084300000, 0x0000000084400000, 0x0000000084400000|100%| O|  |TAMS 0x0000000084300000| PB 0x0000000084300000| Untracked 
|  68|0x0000000084400000, 0x0000000084500000, 0x0000000084500000|100%| O|  |TAMS 0x0000000084400000| PB 0x0000000084400000| Untracked 
|  69|0x0000000084500000, 0x0000000084600000, 0x0000000084600000|100%| O|  |TAMS 0x0000000084500000| PB 0x0000000084500000| Untracked 
|  70|0x0000000084600000, 0x0000000084700000, 0x0000000084700000|100%| O|  |TAMS 0x0000000084600000| PB 0x0000000084600000| Untracked 
|  71|0x0000000084700000, 0x0000000084800000, 0x0000000084800000|100%| O|  |TAMS 0x0000000084700000| PB 0x0000000084700000| Untracked 
|  72|0x0000000084800000, 0x0000000084900000, 0x0000000084900000|100%| O|  |TAMS 0x0000000084800000| PB 0x0000000084800000| Untracked 
|  73|0x0000000084900000, 0x0000000084a00000, 0x0000000084a00000|100%| O|  |TAMS 0x0000000084900000| PB 0x0000000084900000| Untracked 
|  74|0x0000000084a00000, 0x0000000084b00000, 0x0000000084b00000|100%| O|  |TAMS 0x0000000084a00000| PB 0x0000000084a00000| Untracked 
|  75|0x0000000084b00000, 0x0000000084c00000, 0x0000000084c00000|100%| O|  |TAMS 0x0000000084b00000| PB 0x0000000084b00000| Untracked 
|  76|0x0000000084c00000, 0x0000000084d00000, 0x0000000084d00000|100%| O|  |TAMS 0x0000000084c00000| PB 0x0000000084c00000| Untracked 
|  77|0x0000000084d00000, 0x0000000084e00000, 0x0000000084e00000|100%| O|  |TAMS 0x0000000084d00000| PB 0x0000000084d00000| Untracked 
|  78|0x0000000084e00000, 0x0000000084f00000, 0x0000000084f00000|100%| O|  |TAMS 0x0000000084e00000| PB 0x0000000084e00000| Untracked 
|  79|0x0000000084f00000, 0x0000000085000000, 0x0000000085000000|100%| O|  |TAMS 0x0000000084f00000| PB 0x0000000084f00000| Untracked 
|  80|0x0000000085000000, 0x0000000085100000, 0x0000000085100000|100%| O|  |TAMS 0x0000000085000000| PB 0x0000000085000000| Untracked 
|  81|0x0000000085100000, 0x0000000085200000, 0x0000000085200000|100%| O|  |TAMS 0x0000000085100000| PB 0x0000000085100000| Untracked 
|  82|0x0000000085200000, 0x0000000085300000, 0x0000000085300000|100%| O|  |TAMS 0x0000000085200000| PB 0x0000000085200000| Untracked 
|  83|0x0000000085300000, 0x0000000085400000, 0x0000000085400000|100%| O|  |TAMS 0x0000000085300000| PB 0x0000000085300000| Untracked 
|  84|0x0000000085400000, 0x0000000085500000, 0x0000000085500000|100%| O|  |TAMS 0x0000000085400000| PB 0x0000000085400000| Untracked 
|  85|0x0000000085500000, 0x0000000085600000, 0x0000000085600000|100%| O|  |TAMS 0x0000000085500000| PB 0x0000000085500000| Untracked 
|  86|0x0000000085600000, 0x0000000085700000, 0x0000000085700000|100%| O|  |TAMS 0x0000000085600000| PB 0x0000000085600000| Untracked 
|  87|0x0000000085700000, 0x0000000085800000, 0x0000000085800000|100%| O|  |TAMS 0x0000000085700000| PB 0x0000000085700000| Untracked 
|  88|0x0000000085800000, 0x0000000085900000, 0x0000000085900000|100%| O|  |TAMS 0x0000000085800000| PB 0x0000000085800000| Untracked 
|  89|0x0000000085900000, 0x0000000085a00000, 0x0000000085a00000|100%| O|  |TAMS 0x0000000085900000| PB 0x0000000085900000| Untracked 
|  90|0x0000000085a00000, 0x0000000085a00000, 0x0000000085b00000|  0%| F|  |TAMS 0x0000000085a00000| PB 0x0000000085a00000| Untracked 
|  91|0x0000000085b00000, 0x0000000085c00000, 0x0000000085c00000|100%| O|  |TAMS 0x0000000085b00000| PB 0x0000000085b00000| Untracked 
|  92|0x0000000085c00000, 0x0000000085d00000, 0x0000000085d00000|100%| O|  |TAMS 0x0000000085c00000| PB 0x0000000085c00000| Untracked 
|  93|0x0000000085d00000, 0x0000000085e00000, 0x0000000085e00000|100%| O|  |TAMS 0x0000000085d00000| PB 0x0000000085d00000| Untracked 
|  94|0x0000000085e00000, 0x0000000085f00000, 0x0000000085f00000|100%| O|  |TAMS 0x0000000085e00000| PB 0x0000000085e00000| Untracked 
|  95|0x0000000085f00000, 0x0000000086000000, 0x0000000086000000|100%| O|  |TAMS 0x0000000085f00000| PB 0x0000000085f00000| Untracked 
|  96|0x0000000086000000, 0x0000000086100000, 0x0000000086100000|100%| O|  |TAMS 0x0000000086000000| PB 0x0000000086000000| Untracked 
|  97|0x0000000086100000, 0x0000000086200000, 0x0000000086200000|100%| O|  |TAMS 0x0000000086100000| PB 0x0000000086100000| Untracked 
|  98|0x0000000086200000, 0x0000000086300000, 0x0000000086300000|100%| O|  |TAMS 0x0000000086200000| PB 0x0000000086200000| Untracked 
|  99|0x0000000086300000, 0x0000000086400000, 0x0000000086400000|100%| O|  |TAMS 0x0000000086300000| PB 0x0000000086300000| Untracked 
| 100|0x0000000086400000, 0x0000000086500000, 0x0000000086500000|100%| O|Cm|TAMS 0x0000000086400000| PB 0x0000000086400000| Complete 
| 101|0x0000000086500000, 0x0000000086600000, 0x0000000086600000|100%| O|  |TAMS 0x0000000086500000| PB 0x0000000086500000| Untracked 
| 102|0x0000000086600000, 0x0000000086700000, 0x0000000086700000|100%| O|  |TAMS 0x0000000086600000| PB 0x0000000086600000| Untracked 
| 103|0x0000000086700000, 0x0000000086800000, 0x0000000086800000|100%| O|  |TAMS 0x0000000086700000| PB 0x0000000086700000| Untracked 
| 104|0x0000000086800000, 0x0000000086900000, 0x0000000086900000|100%| O|  |TAMS 0x0000000086800000| PB 0x0000000086800000| Untracked 
| 105|0x0000000086900000, 0x0000000086a00000, 0x0000000086a00000|100%| O|  |TAMS 0x0000000086900000| PB 0x0000000086900000| Untracked 
| 106|0x0000000086a00000, 0x0000000086b00000, 0x0000000086b00000|100%| O|  |TAMS 0x0000000086a00000| PB 0x0000000086a00000| Untracked 
| 107|0x0000000086b00000, 0x0000000086c00000, 0x0000000086c00000|100%| O|  |TAMS 0x0000000086b00000| PB 0x0000000086b00000| Untracked 
| 108|0x0000000086c00000, 0x0000000086d00000, 0x0000000086d00000|100%| O|  |TAMS 0x0000000086c00000| PB 0x0000000086c00000| Untracked 
| 109|0x0000000086d00000, 0x0000000086e00000, 0x0000000086e00000|100%| O|  |TAMS 0x0000000086d00000| PB 0x0000000086d00000| Untracked 
| 110|0x0000000086e00000, 0x0000000086f00000, 0x0000000086f00000|100%| O|  |TAMS 0x0000000086e00000| PB 0x0000000086e00000| Untracked 
| 111|0x0000000086f00000, 0x0000000087000000, 0x0000000087000000|100%| O|Cm|TAMS 0x0000000086f00000| PB 0x0000000086f00000| Complete 
| 112|0x0000000087000000, 0x0000000087100000, 0x0000000087100000|100%| O|Cm|TAMS 0x0000000087000000| PB 0x0000000087000000| Complete 
| 113|0x0000000087100000, 0x00000000871d5b38, 0x0000000087200000| 83%| O|  |TAMS 0x0000000087100000| PB 0x0000000087100000| Untracked 
| 114|0x0000000087200000, 0x0000000087200000, 0x0000000087300000|  0%| F|  |TAMS 0x0000000087200000| PB 0x0000000087200000| Untracked 
| 115|0x0000000087300000, 0x0000000087300000, 0x0000000087400000|  0%| F|  |TAMS 0x0000000087300000| PB 0x0000000087300000| Untracked 
| 116|0x0000000087400000, 0x0000000087400000, 0x0000000087500000|  0%| F|  |TAMS 0x0000000087400000| PB 0x0000000087400000| Untracked 
| 117|0x0000000087500000, 0x0000000087500000, 0x0000000087600000|  0%| F|  |TAMS 0x0000000087500000| PB 0x0000000087500000| Untracked 
| 118|0x0000000087600000, 0x0000000087600000, 0x0000000087700000|  0%| F|  |TAMS 0x0000000087600000| PB 0x0000000087600000| Untracked 
| 119|0x0000000087700000, 0x0000000087700000, 0x0000000087800000|  0%| F|  |TAMS 0x0000000087700000| PB 0x0000000087700000| Untracked 
| 120|0x0000000087800000, 0x0000000087800000, 0x0000000087900000|  0%| F|  |TAMS 0x0000000087800000| PB 0x0000000087800000| Untracked 
| 121|0x0000000087900000, 0x0000000087900000, 0x0000000087a00000|  0%| F|  |TAMS 0x0000000087900000| PB 0x0000000087900000| Untracked 
| 122|0x0000000087a00000, 0x0000000087a00000, 0x0000000087b00000|  0%| F|  |TAMS 0x0000000087a00000| PB 0x0000000087a00000| Untracked 
| 123|0x0000000087b00000, 0x0000000087b00000, 0x0000000087c00000|  0%| F|  |TAMS 0x0000000087b00000| PB 0x0000000087b00000| Untracked 
| 124|0x0000000087c00000, 0x0000000087c00000, 0x0000000087d00000|  0%| F|  |TAMS 0x0000000087c00000| PB 0x0000000087c00000| Untracked 
| 125|0x0000000087d00000, 0x0000000087d00000, 0x0000000087e00000|  0%| F|  |TAMS 0x0000000087d00000| PB 0x0000000087d00000| Untracked 
| 126|0x0000000087e00000, 0x0000000087e00000, 0x0000000087f00000|  0%| F|  |TAMS 0x0000000087e00000| PB 0x0000000087e00000| Untracked 
| 127|0x0000000087f00000, 0x0000000087f00000, 0x0000000088000000|  0%| F|  |TAMS 0x0000000087f00000| PB 0x0000000087f00000| Untracked 
| 128|0x0000000088000000, 0x0000000088000000, 0x0000000088100000|  0%| F|  |TAMS 0x0000000088000000| PB 0x0000000088000000| Untracked 
| 129|0x0000000088100000, 0x000000008815dd80, 0x0000000088200000| 36%| S|CS|TAMS 0x0000000088100000| PB 0x0000000088100000| Complete 
| 130|0x0000000088200000, 0x0000000088300000, 0x0000000088300000|100%| S|CS|TAMS 0x0000000088200000| PB 0x0000000088200000| Complete 
| 131|0x0000000088300000, 0x0000000088300000, 0x0000000088400000|  0%| F|  |TAMS 0x0000000088300000| PB 0x0000000088300000| Untracked 
| 132|0x0000000088400000, 0x0000000088400000, 0x0000000088500000|  0%| F|  |TAMS 0x0000000088400000| PB 0x0000000088400000| Untracked 
| 133|0x0000000088500000, 0x0000000088500000, 0x0000000088600000|  0%| F|  |TAMS 0x0000000088500000| PB 0x0000000088500000| Untracked 
| 134|0x0000000088600000, 0x0000000088600000, 0x0000000088700000|  0%| F|  |TAMS 0x0000000088600000| PB 0x0000000088600000| Untracked 
| 135|0x0000000088700000, 0x0000000088700000, 0x0000000088800000|  0%| F|  |TAMS 0x0000000088700000| PB 0x0000000088700000| Untracked 
| 136|0x0000000088800000, 0x0000000088800000, 0x0000000088900000|  0%| F|  |TAMS 0x0000000088800000| PB 0x0000000088800000| Untracked 
| 137|0x0000000088900000, 0x0000000088900000, 0x0000000088a00000|  0%| F|  |TAMS 0x0000000088900000| PB 0x0000000088900000| Untracked 
| 138|0x0000000088a00000, 0x0000000088a00000, 0x0000000088b00000|  0%| F|  |TAMS 0x0000000088a00000| PB 0x0000000088a00000| Untracked 
| 139|0x0000000088b00000, 0x0000000088b00000, 0x0000000088c00000|  0%| F|  |TAMS 0x0000000088b00000| PB 0x0000000088b00000| Untracked 
| 140|0x0000000088c00000, 0x0000000088c00000, 0x0000000088d00000|  0%| F|  |TAMS 0x0000000088c00000| PB 0x0000000088c00000| Untracked 
| 141|0x0000000088d00000, 0x0000000088d00000, 0x0000000088e00000|  0%| F|  |TAMS 0x0000000088d00000| PB 0x0000000088d00000| Untracked 
| 142|0x0000000088e00000, 0x0000000088e00000, 0x0000000088f00000|  0%| F|  |TAMS 0x0000000088e00000| PB 0x0000000088e00000| Untracked 
| 143|0x0000000088f00000, 0x0000000088f00000, 0x0000000089000000|  0%| F|  |TAMS 0x0000000088f00000| PB 0x0000000088f00000| Untracked 
| 144|0x0000000089000000, 0x0000000089000000, 0x0000000089100000|  0%| F|  |TAMS 0x0000000089000000| PB 0x0000000089000000| Untracked 
| 145|0x0000000089100000, 0x0000000089100000, 0x0000000089200000|  0%| F|  |TAMS 0x0000000089100000| PB 0x0000000089100000| Untracked 
| 146|0x0000000089200000, 0x0000000089200000, 0x0000000089300000|  0%| F|  |TAMS 0x0000000089200000| PB 0x0000000089200000| Untracked 
| 147|0x0000000089300000, 0x0000000089300000, 0x0000000089400000|  0%| F|  |TAMS 0x0000000089300000| PB 0x0000000089300000| Untracked 
| 148|0x0000000089400000, 0x0000000089400000, 0x0000000089500000|  0%| F|  |TAMS 0x0000000089400000| PB 0x0000000089400000| Untracked 
| 149|0x0000000089500000, 0x0000000089500000, 0x0000000089600000|  0%| F|  |TAMS 0x0000000089500000| PB 0x0000000089500000| Untracked 
| 150|0x0000000089600000, 0x0000000089600000, 0x0000000089700000|  0%| F|  |TAMS 0x0000000089600000| PB 0x0000000089600000| Untracked 
| 151|0x0000000089700000, 0x0000000089700000, 0x0000000089800000|  0%| F|  |TAMS 0x0000000089700000| PB 0x0000000089700000| Untracked 
| 152|0x0000000089800000, 0x0000000089800000, 0x0000000089900000|  0%| F|  |TAMS 0x0000000089800000| PB 0x0000000089800000| Untracked 
| 153|0x0000000089900000, 0x0000000089900000, 0x0000000089a00000|  0%| F|  |TAMS 0x0000000089900000| PB 0x0000000089900000| Untracked 
| 154|0x0000000089a00000, 0x0000000089a00000, 0x0000000089b00000|  0%| F|  |TAMS 0x0000000089a00000| PB 0x0000000089a00000| Untracked 
| 155|0x0000000089b00000, 0x0000000089b00000, 0x0000000089c00000|  0%| F|  |TAMS 0x0000000089b00000| PB 0x0000000089b00000| Untracked 
| 156|0x0000000089c00000, 0x0000000089c00000, 0x0000000089d00000|  0%| F|  |TAMS 0x0000000089c00000| PB 0x0000000089c00000| Untracked 
| 157|0x0000000089d00000, 0x0000000089d00000, 0x0000000089e00000|  0%| F|  |TAMS 0x0000000089d00000| PB 0x0000000089d00000| Untracked 
| 158|0x0000000089e00000, 0x0000000089e00000, 0x0000000089f00000|  0%| F|  |TAMS 0x0000000089e00000| PB 0x0000000089e00000| Untracked 
| 159|0x0000000089f00000, 0x0000000089f00000, 0x000000008a000000|  0%| F|  |TAMS 0x0000000089f00000| PB 0x0000000089f00000| Untracked 
| 160|0x000000008a000000, 0x000000008a000000, 0x000000008a100000|  0%| F|  |TAMS 0x000000008a000000| PB 0x000000008a000000| Untracked 
| 161|0x000000008a100000, 0x000000008a100000, 0x000000008a200000|  0%| F|  |TAMS 0x000000008a100000| PB 0x000000008a100000| Untracked 
| 162|0x000000008a200000, 0x000000008a200000, 0x000000008a300000|  0%| F|  |TAMS 0x000000008a200000| PB 0x000000008a200000| Untracked 
| 163|0x000000008a300000, 0x000000008a300000, 0x000000008a400000|  0%| F|  |TAMS 0x000000008a300000| PB 0x000000008a300000| Untracked 
| 164|0x000000008a400000, 0x000000008a400000, 0x000000008a500000|  0%| F|  |TAMS 0x000000008a400000| PB 0x000000008a400000| Untracked 
| 165|0x000000008a500000, 0x000000008a500000, 0x000000008a600000|  0%| F|  |TAMS 0x000000008a500000| PB 0x000000008a500000| Untracked 
| 166|0x000000008a600000, 0x000000008a600000, 0x000000008a700000|  0%| F|  |TAMS 0x000000008a600000| PB 0x000000008a600000| Untracked 
| 167|0x000000008a700000, 0x000000008a700000, 0x000000008a800000|  0%| F|  |TAMS 0x000000008a700000| PB 0x000000008a700000| Untracked 
| 168|0x000000008a800000, 0x000000008a800000, 0x000000008a900000|  0%| F|  |TAMS 0x000000008a800000| PB 0x000000008a800000| Untracked 
| 169|0x000000008a900000, 0x000000008a900000, 0x000000008aa00000|  0%| F|  |TAMS 0x000000008a900000| PB 0x000000008a900000| Untracked 
| 170|0x000000008aa00000, 0x000000008aa00000, 0x000000008ab00000|  0%| F|  |TAMS 0x000000008aa00000| PB 0x000000008aa00000| Untracked 
| 171|0x000000008ab00000, 0x000000008ab00000, 0x000000008ac00000|  0%| F|  |TAMS 0x000000008ab00000| PB 0x000000008ab00000| Untracked 
| 172|0x000000008ac00000, 0x000000008ac00000, 0x000000008ad00000|  0%| F|  |TAMS 0x000000008ac00000| PB 0x000000008ac00000| Untracked 
| 173|0x000000008ad00000, 0x000000008ad00000, 0x000000008ae00000|  0%| F|  |TAMS 0x000000008ad00000| PB 0x000000008ad00000| Untracked 
| 174|0x000000008ae00000, 0x000000008ae00000, 0x000000008af00000|  0%| F|  |TAMS 0x000000008ae00000| PB 0x000000008ae00000| Untracked 
| 175|0x000000008af00000, 0x000000008af00000, 0x000000008b000000|  0%| F|  |TAMS 0x000000008af00000| PB 0x000000008af00000| Untracked 
| 176|0x000000008b000000, 0x000000008b000000, 0x000000008b100000|  0%| F|  |TAMS 0x000000008b000000| PB 0x000000008b000000| Untracked 
| 177|0x000000008b100000, 0x000000008b100000, 0x000000008b200000|  0%| F|  |TAMS 0x000000008b100000| PB 0x000000008b100000| Untracked 
| 178|0x000000008b200000, 0x000000008b200000, 0x000000008b300000|  0%| F|  |TAMS 0x000000008b200000| PB 0x000000008b200000| Untracked 
| 179|0x000000008b300000, 0x000000008b300000, 0x000000008b400000|  0%| F|  |TAMS 0x000000008b300000| PB 0x000000008b300000| Untracked 
| 180|0x000000008b400000, 0x000000008b400000, 0x000000008b500000|  0%| F|  |TAMS 0x000000008b400000| PB 0x000000008b400000| Untracked 
| 181|0x000000008b500000, 0x000000008b500000, 0x000000008b600000|  0%| F|  |TAMS 0x000000008b500000| PB 0x000000008b500000| Untracked 
| 182|0x000000008b600000, 0x000000008b600000, 0x000000008b700000|  0%| F|  |TAMS 0x000000008b600000| PB 0x000000008b600000| Untracked 
| 183|0x000000008b700000, 0x000000008b700000, 0x000000008b800000|  0%| F|  |TAMS 0x000000008b700000| PB 0x000000008b700000| Untracked 
| 184|0x000000008b800000, 0x000000008b800000, 0x000000008b900000|  0%| F|  |TAMS 0x000000008b800000| PB 0x000000008b800000| Untracked 
| 185|0x000000008b900000, 0x000000008b900000, 0x000000008ba00000|  0%| F|  |TAMS 0x000000008b900000| PB 0x000000008b900000| Untracked 
| 186|0x000000008ba00000, 0x000000008ba00000, 0x000000008bb00000|  0%| F|  |TAMS 0x000000008ba00000| PB 0x000000008ba00000| Untracked 
| 187|0x000000008bb00000, 0x000000008bb00000, 0x000000008bc00000|  0%| F|  |TAMS 0x000000008bb00000| PB 0x000000008bb00000| Untracked 
| 188|0x000000008bc00000, 0x000000008bc00000, 0x000000008bd00000|  0%| F|  |TAMS 0x000000008bc00000| PB 0x000000008bc00000| Untracked 
| 189|0x000000008bd00000, 0x000000008bd00000, 0x000000008be00000|  0%| F|  |TAMS 0x000000008bd00000| PB 0x000000008bd00000| Untracked 
| 190|0x000000008be00000, 0x000000008be00000, 0x000000008bf00000|  0%| F|  |TAMS 0x000000008be00000| PB 0x000000008be00000| Untracked 
| 191|0x000000008bf00000, 0x000000008bf00000, 0x000000008c000000|  0%| F|  |TAMS 0x000000008bf00000| PB 0x000000008bf00000| Untracked 
| 192|0x000000008c000000, 0x000000008c0ab4d8, 0x000000008c100000| 66%| E|  |TAMS 0x000000008c000000| PB 0x000000008c000000| Complete 
| 193|0x000000008c100000, 0x000000008c200000, 0x000000008c200000|100%| E|CS|TAMS 0x000000008c100000| PB 0x000000008c100000| Complete 
| 194|0x000000008c200000, 0x000000008c300000, 0x000000008c300000|100%| E|CS|TAMS 0x000000008c200000| PB 0x000000008c200000| Complete 
| 195|0x000000008c300000, 0x000000008c400000, 0x000000008c400000|100%| E|CS|TAMS 0x000000008c300000| PB 0x000000008c300000| Complete 
| 196|0x000000008c400000, 0x000000008c500000, 0x000000008c500000|100%| E|CS|TAMS 0x000000008c400000| PB 0x000000008c400000| Complete 
| 197|0x000000008c500000, 0x000000008c600000, 0x000000008c600000|100%| E|CS|TAMS 0x000000008c500000| PB 0x000000008c500000| Complete 
| 198|0x000000008c600000, 0x000000008c700000, 0x000000008c700000|100%| E|CS|TAMS 0x000000008c600000| PB 0x000000008c600000| Complete 
| 199|0x000000008c700000, 0x000000008c800000, 0x000000008c800000|100%| E|CS|TAMS 0x000000008c700000| PB 0x000000008c700000| Complete 
| 200|0x000000008c800000, 0x000000008c900000, 0x000000008c900000|100%| E|CS|TAMS 0x000000008c800000| PB 0x000000008c800000| Complete 
| 201|0x000000008c900000, 0x000000008ca00000, 0x000000008ca00000|100%| E|CS|TAMS 0x000000008c900000| PB 0x000000008c900000| Complete 
| 202|0x000000008ca00000, 0x000000008cb00000, 0x000000008cb00000|100%| E|CS|TAMS 0x000000008ca00000| PB 0x000000008ca00000| Complete 
| 203|0x000000008cb00000, 0x000000008cc00000, 0x000000008cc00000|100%| E|CS|TAMS 0x000000008cb00000| PB 0x000000008cb00000| Complete 
| 204|0x000000008cc00000, 0x000000008cd00000, 0x000000008cd00000|100%| E|CS|TAMS 0x000000008cc00000| PB 0x000000008cc00000| Complete 
| 205|0x000000008cd00000, 0x000000008ce00000, 0x000000008ce00000|100%| E|CS|TAMS 0x000000008cd00000| PB 0x000000008cd00000| Complete 
| 206|0x000000008ce00000, 0x000000008cf00000, 0x000000008cf00000|100%| E|CS|TAMS 0x000000008ce00000| PB 0x000000008ce00000| Complete 
| 207|0x000000008cf00000, 0x000000008d000000, 0x000000008d000000|100%| E|CS|TAMS 0x000000008cf00000| PB 0x000000008cf00000| Complete 
| 208|0x000000008d000000, 0x000000008d100000, 0x000000008d100000|100%| E|CS|TAMS 0x000000008d000000| PB 0x000000008d000000| Complete 
| 209|0x000000008d100000, 0x000000008d200000, 0x000000008d200000|100%| E|CS|TAMS 0x000000008d100000| PB 0x000000008d100000| Complete 
| 210|0x000000008d200000, 0x000000008d300000, 0x000000008d300000|100%| E|CS|TAMS 0x000000008d200000| PB 0x000000008d200000| Complete 
| 211|0x000000008d300000, 0x000000008d400000, 0x000000008d400000|100%| E|CS|TAMS 0x000000008d300000| PB 0x000000008d300000| Complete 
| 212|0x000000008d400000, 0x000000008d500000, 0x000000008d500000|100%| E|CS|TAMS 0x000000008d400000| PB 0x000000008d400000| Complete 
| 213|0x000000008d500000, 0x000000008d600000, 0x000000008d600000|100%| E|CS|TAMS 0x000000008d500000| PB 0x000000008d500000| Complete 
| 214|0x000000008d600000, 0x000000008d700000, 0x000000008d700000|100%| E|CS|TAMS 0x000000008d600000| PB 0x000000008d600000| Complete 
| 215|0x000000008d700000, 0x000000008d800000, 0x000000008d800000|100%| E|CS|TAMS 0x000000008d700000| PB 0x000000008d700000| Complete 
| 216|0x000000008d800000, 0x000000008d900000, 0x000000008d900000|100%| E|CS|TAMS 0x000000008d800000| PB 0x000000008d800000| Complete 
| 222|0x000000008de00000, 0x000000008df00000, 0x000000008df00000|100%| E|CS|TAMS 0x000000008de00000| PB 0x000000008de00000| Complete 
| 223|0x000000008df00000, 0x000000008e000000, 0x000000008e000000|100%| E|CS|TAMS 0x000000008df00000| PB 0x000000008df00000| Complete 
| 224|0x000000008e000000, 0x000000008e100000, 0x000000008e100000|100%| E|CS|TAMS 0x000000008e000000| PB 0x000000008e000000| Complete 
| 225|0x000000008e100000, 0x000000008e200000, 0x000000008e200000|100%| E|CS|TAMS 0x000000008e100000| PB 0x000000008e100000| Complete 
| 226|0x000000008e200000, 0x000000008e300000, 0x000000008e300000|100%| E|CS|TAMS 0x000000008e200000| PB 0x000000008e200000| Complete 
| 227|0x000000008e300000, 0x000000008e400000, 0x000000008e400000|100%| E|CS|TAMS 0x000000008e300000| PB 0x000000008e300000| Complete 
| 228|0x000000008e400000, 0x000000008e500000, 0x000000008e500000|100%| E|CS|TAMS 0x000000008e400000| PB 0x000000008e400000| Complete 
| 229|0x000000008e500000, 0x000000008e600000, 0x000000008e600000|100%| E|CS|TAMS 0x000000008e500000| PB 0x000000008e500000| Complete 
| 230|0x000000008e600000, 0x000000008e700000, 0x000000008e700000|100%| E|CS|TAMS 0x000000008e600000| PB 0x000000008e600000| Complete 
| 255|0x000000008ff00000, 0x0000000090000000, 0x0000000090000000|100%| E|CS|TAMS 0x000000008ff00000| PB 0x000000008ff00000| Complete 
|2041|0x00000000ff900000, 0x00000000ffa00000, 0x00000000ffa00000|100%| O|  |TAMS 0x00000000ff900000| PB 0x00000000ff900000| Untracked 
|2042|0x00000000ffa00000, 0x00000000ffb00000, 0x00000000ffb00000|100%| O|  |TAMS 0x00000000ffa00000| PB 0x00000000ffa00000| Untracked 
|2043|0x00000000ffb00000, 0x00000000ffc00000, 0x00000000ffc00000|100%| O|  |TAMS 0x00000000ffb00000| PB 0x00000000ffb00000| Untracked 
|2044|0x00000000ffc00000, 0x00000000ffd00000, 0x00000000ffd00000|100%| O|  |TAMS 0x00000000ffc00000| PB 0x00000000ffc00000| Untracked 
|2045|0x00000000ffd00000, 0x00000000ffe00000, 0x00000000ffe00000|100%| O|  |TAMS 0x00000000ffd00000| PB 0x00000000ffd00000| Untracked 
|2046|0x00000000ffe00000, 0x00000000fff00000, 0x00000000fff00000|100%| E|CS|TAMS 0x00000000ffe00000| PB 0x00000000ffe00000| Complete 
|2047|0x00000000fff00000, 0x0000000100000000, 0x0000000100000000|100%| O|  |TAMS 0x00000000fff00000| PB 0x00000000fff00000| Untracked 

Card table byte_map: [0x000002916d150000,0x000002916d550000] _byte_map_base: 0x000002916cd50000

Marking Bits: (CMBitMap*) 0x000002915a6f8460
 Bits: [0x000002916d550000, 0x000002916f550000)

Polling page: 0x00000291585e0000

Metaspace:

Usage:
  Non-class:    118.64 MB used.
      Class:     19.28 MB used.
       Both:    137.93 MB used.

Virtual space:
  Non-class space:      128.00 MB reserved,     119.81 MB ( 94%) committed,  2 nodes.
      Class space:        1.00 GB reserved,      20.50 MB (  2%) committed,  1 nodes.
             Both:        1.12 GB reserved,     140.31 MB ( 12%) committed. 

Chunk freelists:
   Non-Class:  8.00 MB
       Class:  11.41 MB
        Both:  19.41 MB

MaxMetaspaceSize: unlimited
CompressedClassSpaceSize: 1.00 GB
Initial GC threshold: 21.00 MB
Current GC threshold: 230.88 MB
CDS: off
 - commit_granule_bytes: 65536.
 - commit_granule_words: 8192.
 - virtual_space_node_default_size: 8388608.
 - enlarge_chunks_in_place: 1.
 - use_allocation_guard: 0.


Internal statistics:

num_allocs_failed_limit: 9.
num_arena_births: 4694.
num_arena_deaths: 10.
num_vsnodes_births: 3.
num_vsnodes_deaths: 0.
num_space_committed: 2244.
num_space_uncommitted: 0.
num_chunks_returned_to_freelist: 24.
num_chunks_taken_from_freelist: 10741.
num_chunk_merges: 14.
num_chunk_splits: 7043.
num_chunks_enlarged: 4476.
num_inconsistent_stats: 0.

CodeHeap 'non-profiled nmethods': size=120000Kb used=9974Kb max_used=9974Kb free=110025Kb
 bounds [0x00000291652d0000, 0x0000029165c90000, 0x000002916c800000]
CodeHeap 'profiled nmethods': size=120000Kb used=30382Kb max_used=30382Kb free=89617Kb
 bounds [0x000002915d800000, 0x000002915f5b0000, 0x0000029164d30000]
CodeHeap 'non-nmethods': size=5760Kb used=2242Kb max_used=2330Kb free=3517Kb
 bounds [0x0000029164d30000, 0x0000029164fa0000, 0x00000291652d0000]
 total_blobs=17017 nmethods=16070 adapters=849
 compilation: enabled
              stopped_count=0, restarted_count=0
 full_count=0

Compilation events (20 events):
Event: 715.906 Thread 0x000002917e6bd980 18875       4       java.lang.StringBuilder::append (9 bytes)
Event: 715.909 Thread 0x000002917e6bd980 nmethod 18875 0x0000029165c82010 code [0x0000029165c82200, 0x0000029165c82778]
Event: 715.909 Thread 0x000002917e6bd980 18888       4       org.gradle.internal.instantiation.generator.ParamsMatchingConstructorSelector::forParams (481 bytes)
Event: 715.910 Thread 0x000002917241fd60 nmethod 18856 0x0000029165c82b10 code [0x0000029165c82dc0, 0x0000029165c84070]
Event: 715.910 Thread 0x000002917241fd60 18858       4       org.gradle.internal.service.DefaultServiceRegistry$SingletonService$1::transform (9 bytes)
Event: 715.910 Thread 0x000002917241fd60 nmethod 18858 0x0000029165c85010 code [0x0000029165c851a0, 0x0000029165c85320]
Event: 715.910 Thread 0x000002917241fd60 18861       4       com.google.common.cache.CacheLoader::<init> (5 bytes)
Event: 715.910 Thread 0x000002917241fd60 nmethod 18861 0x0000029165c85490 code [0x0000029165c85620, 0x0000029165c856a8]
Event: 715.911 Thread 0x000002917245ede0 18889       3       org.gradle.internal.component.model.AbstractComponentGraphResolveState::getId (10 bytes)
Event: 715.911 Thread 0x000002917245ede0 nmethod 18889 0x000002915f59b190 code [0x000002915f59b340, 0x000002915f59b510]
Event: 715.911 Thread 0x000002917245ede0 18890       3       org.gradle.api.internal.artifacts.ivyservice.resolutionstrategy.DefaultResolutionStrategy_Decorated::getSortOrder (40 bytes)
Event: 715.911 Thread 0x000002917245ede0 nmethod 18890 0x000002915f59b610 code [0x000002915f59b7e0, 0x000002915f59bb30]
Event: 715.912 Thread 0x000002917241fd60 18891       4       org.gradle.internal.serialize.kryo.KryoBackedEncoder::writeString (23 bytes)
Event: 715.913 Thread 0x000002917245ede0 18892       3       org.gradle.internal.snapshot.impl.CoercingStringValueSnapshot::coerce (114 bytes)
Event: 715.914 Thread 0x000002917245ede0 nmethod 18892 0x000002915f59bc90 code [0x000002915f59c0a0, 0x000002915f59dc28]
Event: 715.915 Thread 0x000002917241fd60 nmethod 18891 0x0000029165c85790 code [0x0000029165c85960, 0x0000029165c85d18]
Event: 715.918 Thread 0x000002917245ede0 18893       3       org.gradle.internal.component.external.model.maven.DefaultMavenModuleResolveMetadata::getDerivedVariants (42 bytes)
Event: 715.919 Thread 0x000002917245ede0 nmethod 18893 0x000002915f59e410 code [0x000002915f59e5e0, 0x000002915f59ea38]
Event: 715.924 Thread 0x000002917241fd60 18894       4       java.util.Iterator::forEachRemaining (30 bytes)
Event: 715.926 Thread 0x000002917241fd60 nmethod 18894 0x0000029165c86090 code [0x0000029165c86240, 0x0000029165c86460]

GC Heap History (20 events):
Event: 12.616 GC heap before
{Heap before GC invocations=37 (full 0):
 garbage-first heap   total 160768K, used 146257K [0x0000000080000000, 0x0000000100000000)
  region size 1024K, 50 young (51200K), 4 survivors (4096K)
 Metaspace       used 110212K, committed 112448K, reserved 1179648K
  class space    used 15126K, committed 16256K, reserved 1048576K
}
Event: 12.621 GC heap after
{Heap after GC invocations=38 (full 0):
 garbage-first heap   total 160768K, used 102609K [0x0000000080000000, 0x0000000100000000)
  region size 1024K, 7 young (7168K), 7 survivors (7168K)
 Metaspace       used 110212K, committed 112448K, reserved 1179648K
  class space    used 15126K, committed 16256K, reserved 1048576K
}
Event: 13.025 GC heap before
{Heap before GC invocations=38 (full 0):
 garbage-first heap   total 160768K, used 142545K [0x0000000080000000, 0x0000000100000000)
  region size 1024K, 47 young (48128K), 7 survivors (7168K)
 Metaspace       used 113252K, committed 115456K, reserved 1179648K
  class space    used 15508K, committed 16640K, reserved 1048576K
}
Event: 13.032 GC heap after
{Heap after GC invocations=39 (full 0):
 garbage-first heap   total 193536K, used 106316K [0x0000000080000000, 0x0000000100000000)
  region size 1024K, 5 young (5120K), 5 survivors (5120K)
 Metaspace       used 113252K, committed 115456K, reserved 1179648K
  class space    used 15508K, committed 16640K, reserved 1048576K
}
Event: 21.974 GC heap before
{Heap before GC invocations=40 (full 0):
 garbage-first heap   total 193536K, used 177996K [0x0000000080000000, 0x0000000100000000)
  region size 1024K, 71 young (72704K), 5 survivors (5120K)
 Metaspace       used 115387K, committed 117760K, reserved 1179648K
  class space    used 15834K, committed 17024K, reserved 1048576K
}
Event: 21.979 GC heap after
{Heap after GC invocations=41 (full 0):
 garbage-first heap   total 193536K, used 111323K [0x0000000080000000, 0x0000000100000000)
  region size 1024K, 8 young (8192K), 8 survivors (8192K)
 Metaspace       used 115387K, committed 117760K, reserved 1179648K
  class space    used 15834K, committed 17024K, reserved 1048576K
}
Event: 22.450 GC heap before
{Heap before GC invocations=41 (full 0):
 garbage-first heap   total 193536K, used 173787K [0x0000000080000000, 0x0000000100000000)
  region size 1024K, 70 young (71680K), 8 survivors (8192K)
 Metaspace       used 118910K, committed 121216K, reserved 1179648K
  class space    used 16241K, committed 17408K, reserved 1048576K
}
Event: 22.461 GC heap after
{Heap after GC invocations=42 (full 0):
 garbage-first heap   total 193536K, used 115626K [0x0000000080000000, 0x0000000100000000)
  region size 1024K, 9 young (9216K), 9 survivors (9216K)
 Metaspace       used 118910K, committed 121216K, reserved 1179648K
  class space    used 16241K, committed 17408K, reserved 1048576K
}
Event: 22.916 GC heap before
{Heap before GC invocations=42 (full 0):
 garbage-first heap   total 193536K, used 172970K [0x0000000080000000, 0x0000000100000000)
  region size 1024K, 66 young (67584K), 9 survivors (9216K)
 Metaspace       used 127445K, committed 129728K, reserved 1179648K
  class space    used 17637K, committed 18816K, reserved 1048576K
}
Event: 22.927 GC heap after
{Heap after GC invocations=43 (full 0):
 garbage-first heap   total 193536K, used 119384K [0x0000000080000000, 0x0000000100000000)
  region size 1024K, 3 young (3072K), 3 survivors (3072K)
 Metaspace       used 127445K, committed 129728K, reserved 1179648K
  class space    used 17637K, committed 18816K, reserved 1048576K
}
Event: 23.288 GC heap before
{Heap before GC invocations=44 (full 0):
 garbage-first heap   total 199680K, used 177752K [0x0000000080000000, 0x0000000100000000)
  region size 1024K, 61 young (62464K), 3 survivors (3072K)
 Metaspace       used 134683K, committed 137024K, reserved 1179648K
  class space    used 18898K, committed 20096K, reserved 1048576K
}
Event: 23.293 GC heap after
{Heap after GC invocations=45 (full 0):
 garbage-first heap   total 199680K, used 121276K [0x0000000080000000, 0x0000000100000000)
  region size 1024K, 5 young (5120K), 5 survivors (5120K)
 Metaspace       used 134683K, committed 137024K, reserved 1179648K
  class space    used 18898K, committed 20096K, reserved 1048576K
}
Event: 23.896 GC heap before
{Heap before GC invocations=45 (full 0):
 garbage-first heap   total 199680K, used 181692K [0x0000000080000000, 0x0000000100000000)
  region size 1024K, 65 young (66560K), 5 survivors (5120K)
 Metaspace       used 137704K, committed 140096K, reserved 1179648K
  class space    used 19369K, committed 20544K, reserved 1048576K
}
Event: 23.904 GC heap after
{Heap after GC invocations=46 (full 0):
 garbage-first heap   total 199680K, used 122253K [0x0000000080000000, 0x0000000100000000)
  region size 1024K, 8 young (8192K), 8 survivors (8192K)
 Metaspace       used 137704K, committed 140096K, reserved 1179648K
  class space    used 19369K, committed 20544K, reserved 1048576K
}
Event: 24.088 GC heap before
{Heap before GC invocations=46 (full 0):
 garbage-first heap   total 199680K, used 130445K [0x0000000080000000, 0x0000000100000000)
  region size 1024K, 18 young (18432K), 8 survivors (8192K)
 Metaspace       used 139306K, committed 141632K, reserved 1179648K
  class space    used 19572K, committed 20736K, reserved 1048576K
}
Event: 24.093 GC heap after
{Heap after GC invocations=47 (full 0):
 garbage-first heap   total 199680K, used 123211K [0x0000000080000000, 0x0000000100000000)
  region size 1024K, 2 young (2048K), 2 survivors (2048K)
 Metaspace       used 139306K, committed 141632K, reserved 1179648K
  class space    used 19572K, committed 20736K, reserved 1048576K
}
Event: 99.235 GC heap before
{Heap before GC invocations=48 (full 0):
 garbage-first heap   total 239616K, used 200011K [0x0000000080000000, 0x0000000100000000)
  region size 1024K, 60 young (61440K), 2 survivors (2048K)
 Metaspace       used 140447K, committed 142912K, reserved 1179648K
  class space    used 19733K, committed 20992K, reserved 1048576K
}
Event: 99.239 GC heap after
{Heap after GC invocations=49 (full 0):
 garbage-first heap   total 239616K, used 125865K [0x0000000080000000, 0x0000000100000000)
  region size 1024K, 4 young (4096K), 4 survivors (4096K)
 Metaspace       used 140447K, committed 142912K, reserved 1179648K
  class space    used 19733K, committed 20992K, reserved 1048576K
}
Event: 520.443 GC heap before
{Heap before GC invocations=49 (full 0):
 garbage-first heap   total 239616K, used 220073K [0x0000000080000000, 0x0000000100000000)
  region size 1024K, 97 young (99328K), 4 survivors (4096K)
 Metaspace       used 141163K, committed 143616K, reserved 1179648K
  class space    used 19742K, committed 20992K, reserved 1048576K
}
Event: 520.446 GC heap after
{Heap after GC invocations=50 (full 0):
 garbage-first heap   total 239616K, used 123086K [0x0000000080000000, 0x0000000100000000)
  region size 1024K, 2 young (2048K), 2 survivors (2048K)
 Metaspace       used 141163K, committed 143616K, reserved 1179648K
  class space    used 19742K, committed 20992K, reserved 1048576K
}

Dll operation events (3 events):
Event: 0.016 Loaded shared library D:\AndroidStudio\jbr\bin\java.dll
Event: 0.022 Loaded shared library D:\AndroidStudio\jbr\bin\zip.dll
Event: 0.463 Loaded shared library D:\AndroidStudio\jbr\bin\verify.dll

Deoptimization events (20 events):
Event: 665.443 Thread 0x00000291780dd680 Uncommon trap: trap_request=0xffffffd6 fr.pc=0x0000029165c72878 relative=0x0000000000000738
Event: 665.443 Thread 0x00000291780dd680 Uncommon trap: reason=array_check action=maybe_recompile pc=0x0000029165c72878 method=java.util.ComparableTimSort.reverseRange([Ljava/lang/Object;II)V @ 20 c2
Event: 665.443 Thread 0x00000291780dd680 DEOPT PACKING pc=0x0000029165c72878 sp=0x0000009454ffe720
Event: 665.443 Thread 0x00000291780dd680 DEOPT UNPACKING pc=0x0000029164d846a2 sp=0x0000009454ffe6d0 mode 2
Event: 681.442 Thread 0x00000291780dd680 Uncommon trap: trap_request=0xffffffd6 fr.pc=0x0000029165c74fb0 relative=0x0000000000000950
Event: 681.442 Thread 0x00000291780dd680 Uncommon trap: reason=array_check action=maybe_recompile pc=0x0000029165c74fb0 method=java.util.ComparableTimSort.reverseRange([Ljava/lang/Object;II)V @ 27 c2
Event: 681.442 Thread 0x00000291780dd680 DEOPT PACKING pc=0x0000029165c74fb0 sp=0x0000009454ffe710
Event: 681.442 Thread 0x00000291780dd680 DEOPT UNPACKING pc=0x0000029164d846a2 sp=0x0000009454ffe6d0 mode 2
Event: 681.442 Thread 0x00000291780dd680 Uncommon trap: trap_request=0xffffffd6 fr.pc=0x0000029165c74fb0 relative=0x0000000000000950
Event: 681.442 Thread 0x00000291780dd680 Uncommon trap: reason=array_check action=maybe_recompile pc=0x0000029165c74fb0 method=java.util.ComparableTimSort.reverseRange([Ljava/lang/Object;II)V @ 27 c2
Event: 681.442 Thread 0x00000291780dd680 DEOPT PACKING pc=0x0000029165c74fb0 sp=0x0000009454ffe710
Event: 681.442 Thread 0x00000291780dd680 DEOPT UNPACKING pc=0x0000029164d846a2 sp=0x0000009454ffe6d0 mode 2
Event: 715.825 Thread 0x000002917e68ec60 Uncommon trap: trap_request=0xffffffc6 fr.pc=0x0000029165a7af40 relative=0x0000000000000960
Event: 715.825 Thread 0x000002917e68ec60 Uncommon trap: reason=bimorphic_or_optimized_type_check action=maybe_recompile pc=0x0000029165a7af40 method=com.google.common.collect.Sets$3$1.computeNext()Ljava/lang/Object; @ 4 c2
Event: 715.825 Thread 0x000002917e68ec60 DEOPT PACKING pc=0x0000029165a7af40 sp=0x00000094552fee90
Event: 715.825 Thread 0x000002917e68ec60 DEOPT UNPACKING pc=0x0000029164d846a2 sp=0x00000094552fee60 mode 2
Event: 715.837 Thread 0x000002917e68ec60 Uncommon trap: trap_request=0xffffffde fr.pc=0x000002916597101c relative=0x00000000000005fc
Event: 715.837 Thread 0x000002917e68ec60 Uncommon trap: reason=class_check action=maybe_recompile pc=0x000002916597101c method=org.gradle.cache.internal.LockOnDemandCrossProcessCacheAccess.incrementLockCount()V @ 97 c2
Event: 715.837 Thread 0x000002917e68ec60 DEOPT PACKING pc=0x000002916597101c sp=0x00000094552fad90
Event: 715.837 Thread 0x000002917e68ec60 DEOPT UNPACKING pc=0x0000029164d846a2 sp=0x00000094552fad40 mode 2

Classes loaded (20 events):
Event: 24.246 Loading class java/util/concurrent/ConcurrentHashMap$EntrySpliterator
Event: 24.246 Loading class java/util/concurrent/ConcurrentHashMap$EntrySpliterator done
Event: 24.310 Loading class java/util/concurrent/CompletableFuture$AsyncRun
Event: 24.310 Loading class java/util/concurrent/CompletableFuture$AsyncRun done
Event: 44.001 Loading class java/lang/StackStreamFactory
Event: 44.001 Loading class java/lang/StackStreamFactory done
Event: 44.001 Loading class java/lang/StackWalker$ExtendedOption
Event: 44.001 Loading class java/lang/StackWalker$ExtendedOption done
Event: 44.001 Loading class java/lang/StackStreamFactory$StackFrameTraverser
Event: 44.001 Loading class java/lang/StackStreamFactory$StackFrameTraverser done
Event: 44.001 Loading class java/lang/StackStreamFactory$WalkerState
Event: 44.001 Loading class java/lang/StackStreamFactory$WalkerState done
Event: 44.001 Loading class java/lang/StackStreamFactory$StackFrameTraverser$StackFrameBuffer
Event: 44.001 Loading class java/lang/StackStreamFactory$FrameBuffer
Event: 44.001 Loading class java/lang/StackStreamFactory$FrameBuffer done
Event: 44.001 Loading class java/lang/StackStreamFactory$StackFrameTraverser$StackFrameBuffer done
Event: 44.002 Loading class java/util/logging/LogRecord
Event: 44.002 Loading class java/util/logging/LogRecord done
Event: 99.025 Loading class jdk/internal/math/FormattedFPDecimal
Event: 99.026 Loading class jdk/internal/math/FormattedFPDecimal done

Classes unloaded (5 events):
Event: 24.154 Thread 0x00000291723a1b60 Unloading class 0x00000001010d0c00 'jdk/internal/reflect/GeneratedSerializationConstructorAccessor158'
Event: 24.154 Thread 0x00000291723a1b60 Unloading class 0x00000001010d1000 'jdk/internal/reflect/GeneratedSerializationConstructorAccessor155'
Event: 24.154 Thread 0x00000291723a1b60 Unloading class 0x00000001010d0800 'jdk/internal/reflect/GeneratedSerializationConstructorAccessor160'
Event: 24.154 Thread 0x00000291723a1b60 Unloading class 0x00000001010c9c00 'jdk/internal/reflect/GeneratedSerializationConstructorAccessor156'
Event: 24.154 Thread 0x00000291723a1b60 Unloading class 0x00000001010d0400 'jdk/internal/reflect/GeneratedSerializationConstructorAccessor157'

Classes redefined (0 events):
No events

Internal exceptions (20 events):
Event: 24.359 Thread 0x0000029178e24bb0 Exception <a 'sun/nio/fs/WindowsException'{0x000000008cfffb08}> (0x000000008cfffb08) 
thrown [s\src\hotspot\share\prims\jni.cpp, line 535]
Event: 99.044 Thread 0x0000029178e27310 Exception <a 'sun/nio/fs/WindowsException'{0x000000008c975400}> (0x000000008c975400) 
thrown [s\src\hotspot\share\prims\jni.cpp, line 535]
Event: 99.044 Thread 0x0000029178e27310 Exception <a 'sun/nio/fs/WindowsException'{0x000000008c9768e0}> (0x000000008c9768e0) 
thrown [s\src\hotspot\share\prims\jni.cpp, line 535]
Event: 99.044 Thread 0x0000029178e27310 Exception <a 'sun/nio/fs/WindowsException'{0x000000008c977db0}> (0x000000008c977db0) 
thrown [s\src\hotspot\share\prims\jni.cpp, line 535]
Event: 99.044 Thread 0x0000029178e27310 Exception <a 'sun/nio/fs/WindowsException'{0x000000008c978e88}> (0x000000008c978e88) 
thrown [s\src\hotspot\share\prims\jni.cpp, line 535]
Event: 99.514 Thread 0x0000029178e27310 Exception <a 'sun/nio/fs/WindowsException'{0x000000008c723280}> (0x000000008c723280) 
thrown [s\src\hotspot\share\prims\jni.cpp, line 535]
Event: 99.514 Thread 0x0000029178e27310 Exception <a 'sun/nio/fs/WindowsException'{0x000000008c724858}> (0x000000008c724858) 
thrown [s\src\hotspot\share\prims\jni.cpp, line 535]
Event: 99.514 Thread 0x0000029178e27310 Exception <a 'sun/nio/fs/WindowsException'{0x000000008c725e80}> (0x000000008c725e80) 
thrown [s\src\hotspot\share\prims\jni.cpp, line 535]
Event: 99.514 Thread 0x0000029178e27310 Exception <a 'sun/nio/fs/WindowsException'{0x000000008c7274a8}> (0x000000008c7274a8) 
thrown [s\src\hotspot\share\prims\jni.cpp, line 535]
Event: 99.587 Thread 0x000002917d490240 Exception <a 'sun/nio/fs/WindowsException'{0x000000008c162950}> (0x000000008c162950) 
thrown [s\src\hotspot\share\prims\jni.cpp, line 535]
Event: 99.946 Thread 0x000002917d4943e0 Exception <a 'sun/nio/fs/WindowsException'{0x0000000089e82f98}> (0x0000000089e82f98) 
thrown [s\src\hotspot\share\prims\jni.cpp, line 535]
Event: 100.068 Thread 0x0000029178e27310 Exception <a 'sun/nio/fs/WindowsException'{0x000000008c142aa0}> (0x000000008c142aa0) 
thrown [s\src\hotspot\share\prims\jni.cpp, line 535]
Event: 100.170 Thread 0x000002917e68f980 Exception <a 'sun/nio/fs/WindowsException'{0x0000000088dbae18}> (0x0000000088dbae18) 
thrown [s\src\hotspot\share\prims\jni.cpp, line 535]
Event: 100.171 Thread 0x000002917e68f980 Exception <a 'sun/nio/fs/WindowsException'{0x0000000088dbb928}> (0x0000000088dbb928) 
thrown [s\src\hotspot\share\prims\jni.cpp, line 535]
Event: 100.171 Thread 0x000002917e68f980 Exception <a 'sun/nio/fs/WindowsException'{0x0000000088dbc490}> (0x0000000088dbc490) 
thrown [s\src\hotspot\share\prims\jni.cpp, line 535]
Event: 100.171 Thread 0x000002917e68f980 Exception <a 'sun/nio/fs/WindowsException'{0x0000000088dc6e88}> (0x0000000088dc6e88) 
thrown [s\src\hotspot\share\prims\jni.cpp, line 535]
Event: 715.846 Thread 0x000002917e68ec60 Exception <a 'sun/nio/fs/WindowsException'{0x000000008e155d80}> (0x000000008e155d80) 
thrown [s\src\hotspot\share\prims\jni.cpp, line 535]
Event: 715.847 Thread 0x000002917e68ec60 Exception <a 'sun/nio/fs/WindowsException'{0x000000008e157260}> (0x000000008e157260) 
thrown [s\src\hotspot\share\prims\jni.cpp, line 535]
Event: 715.847 Thread 0x000002917e68ec60 Exception <a 'sun/nio/fs/WindowsException'{0x000000008e158730}> (0x000000008e158730) 
thrown [s\src\hotspot\share\prims\jni.cpp, line 535]
Event: 715.847 Thread 0x000002917e68ec60 Exception <a 'sun/nio/fs/WindowsException'{0x000000008e159808}> (0x000000008e159808) 
thrown [s\src\hotspot\share\prims\jni.cpp, line 535]

ZGC Phase Switch (0 events):
No events

VM Operations (20 events):
Event: 314.249 Executing VM operation: Cleanup
Event: 314.249 Executing VM operation: Cleanup done
Event: 353.268 Executing VM operation: Cleanup
Event: 353.268 Executing VM operation: Cleanup done
Event: 378.280 Executing VM operation: Cleanup
Event: 378.281 Executing VM operation: Cleanup done
Event: 379.281 Executing VM operation: Cleanup
Event: 379.281 Executing VM operation: Cleanup done
Event: 488.335 Executing VM operation: Cleanup
Event: 488.335 Executing VM operation: Cleanup done
Event: 520.443 Executing VM operation: G1CollectForAllocation (G1 Evacuation Pause)
Event: 520.446 Executing VM operation: G1CollectForAllocation (G1 Evacuation Pause) done
Event: 602.492 Executing VM operation: Cleanup
Event: 602.492 Executing VM operation: Cleanup done
Event: 670.533 Executing VM operation: Cleanup
Event: 670.533 Executing VM operation: Cleanup done
Event: 673.534 Executing VM operation: Cleanup
Event: 673.534 Executing VM operation: Cleanup done
Event: 692.547 Executing VM operation: Cleanup
Event: 692.547 Executing VM operation: Cleanup done

Memory protections (0 events):
No events

Nmethod flushes (20 events):
Event: 24.163 Thread 0x00000291723a1b60 flushing  nmethod 0x000002915da53390
Event: 24.163 Thread 0x00000291723a1b60 flushing  nmethod 0x000002915db1d010
Event: 24.163 Thread 0x00000291723a1b60 flushing  nmethod 0x000002915dbfe990
Event: 24.163 Thread 0x00000291723a1b60 flushing  nmethod 0x000002915dbff310
Event: 24.163 Thread 0x00000291723a1b60 flushing  nmethod 0x000002915dc01d90
Event: 24.163 Thread 0x00000291723a1b60 flushing  nmethod 0x000002915dc70510
Event: 24.163 Thread 0x00000291723a1b60 flushing  nmethod 0x000002915dc7a590
Event: 24.163 Thread 0x00000291723a1b60 flushing  nmethod 0x000002915dcff490
Event: 24.163 Thread 0x00000291723a1b60 flushing  nmethod 0x000002915e1fd010
Event: 24.163 Thread 0x00000291723a1b60 flushing  nmethod 0x000002915e296210
Event: 24.163 Thread 0x00000291723a1b60 flushing  nmethod 0x000002915e2e9390
Event: 24.163 Thread 0x00000291723a1b60 flushing  nmethod 0x000002915e2eaf90
Event: 24.163 Thread 0x00000291723a1b60 flushing  nmethod 0x000002915e350210
Event: 24.163 Thread 0x00000291723a1b60 flushing  nmethod 0x000002915e4ddb10
Event: 24.163 Thread 0x00000291723a1b60 flushing  nmethod 0x000002915e53ac10
Event: 24.163 Thread 0x00000291723a1b60 flushing  nmethod 0x000002915e53d390
Event: 24.163 Thread 0x00000291723a1b60 flushing  nmethod 0x000002915e6b5410
Event: 24.163 Thread 0x00000291723a1b60 flushing  nmethod 0x000002915e6b6090
Event: 24.163 Thread 0x00000291723a1b60 flushing  nmethod 0x000002915e87f410
Event: 24.163 Thread 0x00000291723a1b60 flushing  nmethod 0x000002915ee25810

Events (20 events):
Event: 160.124 Thread 0x0000029178e27310 Thread exited: 0x0000029178e27310
Event: 160.133 Thread 0x0000029178e265f0 Thread exited: 0x0000029178e265f0
Event: 160.176 Thread 0x000002917e68f980 Thread exited: 0x000002917e68f980
Event: 314.093 Thread 0x000002917e692e00 Thread added: 0x000002917e6920e0
Event: 389.099 Thread 0x000002917e6920e0 Thread exited: 0x000002917e6920e0
Event: 614.094 Thread 0x000002917e692e00 Thread added: 0x000002917e693b20
Event: 689.100 Thread 0x000002917e693b20 Thread exited: 0x000002917e693b20
Event: 715.818 Thread 0x00000291781d86b0 Thread added: 0x000002917e693490
Event: 715.818 Thread 0x000002917e693490 Thread added: 0x000002917e695560
Event: 715.821 Thread 0x000002917e693490 Thread added: 0x000002917e6920e0
Event: 715.824 Thread 0x000002917e693490 Thread added: 0x000002917e68ec60
Event: 715.826 Thread 0x000002917e68ec60 Thread added: 0x000002917e695bf0
Event: 715.826 Thread 0x000002917e68ec60 Thread added: 0x000002917e6913c0
Event: 715.827 Thread 0x000002917e68ec60 Thread added: 0x000002917e6941b0
Event: 715.833 Thread 0x000002917e68ec60 Thread added: 0x000002917e693b20
Event: 715.836 Thread 0x000002917e68ec60 Thread added: 0x000002917e696280
Event: 715.839 Thread 0x000002917245ede0 Thread added: 0x000002917e6bd980
Event: 715.850 Thread 0x000002917e68ec60 Thread added: 0x000002917e692770
Event: 715.853 Thread 0x000002917e68ec60 Thread added: 0x000002917e68f2f0
Event: 715.854 Thread 0x000002917e68ec60 Thread added: 0x000002917e696910


Dynamic libraries:
0x00007ff6b8540000 - 0x00007ff6b854a000 	D:\AndroidStudio\jbr\bin\java.exe
0x00007ffa7dc50000 - 0x00007ffa7de48000 	C:\WINDOWS\SYSTEM32\ntdll.dll
0x00007ffa7d710000 - 0x00007ffa7d7d2000 	C:\WINDOWS\System32\KERNEL32.DLL
0x00007ffa7b8c0000 - 0x00007ffa7bbb6000 	C:\WINDOWS\System32\KERNELBASE.dll
0x00007ffa7b4f0000 - 0x00007ffa7b5f0000 	C:\WINDOWS\System32\ucrtbase.dll
0x00007ffa72c90000 - 0x00007ffa72cab000 	D:\AndroidStudio\jbr\bin\VCRUNTIME140.dll
0x00007ffa4f790000 - 0x00007ffa4f7a8000 	D:\AndroidStudio\jbr\bin\jli.dll
0x00007ffa7c860000 - 0x00007ffa7c9fd000 	C:\WINDOWS\System32\USER32.dll
0x00007ffa6cd90000 - 0x00007ffa6d02a000 	C:\WINDOWS\WinSxS\amd64_microsoft.windows.common-controls_6595b64144ccf1df_6.0.19041.5915_none_60b4b9d171f9c7c7\COMCTL32.dll
0x00007ffa7c010000 - 0x00007ffa7c0ae000 	C:\WINDOWS\System32\msvcrt.dll
0x00007ffa7bc40000 - 0x00007ffa7bc62000 	C:\WINDOWS\System32\win32u.dll
0x00007ffa7bde0000 - 0x00007ffa7be0b000 	C:\WINDOWS\System32\GDI32.dll
0x00007ffa7b750000 - 0x00007ffa7b869000 	C:\WINDOWS\System32\gdi32full.dll
0x00007ffa7b3c0000 - 0x00007ffa7b45d000 	C:\WINDOWS\System32\msvcp_win.dll
0x00007ffa7c830000 - 0x00007ffa7c85f000 	C:\WINDOWS\System32\IMM32.DLL
0x00007ffa72ab0000 - 0x00007ffa72abc000 	D:\AndroidStudio\jbr\bin\vcruntime140_1.dll
0x00007ff9ecc70000 - 0x00007ff9eccfd000 	D:\AndroidStudio\jbr\bin\msvcp140.dll
0x00007ff9e8080000 - 0x00007ff9e8d0b000 	D:\AndroidStudio\jbr\bin\server\jvm.dll
0x00007ffa7bd20000 - 0x00007ffa7bdd1000 	C:\WINDOWS\System32\ADVAPI32.dll
0x00007ffa7cb20000 - 0x00007ffa7cbbf000 	C:\WINDOWS\System32\sechost.dll
0x00007ffa7be10000 - 0x00007ffa7bf33000 	C:\WINDOWS\System32\RPCRT4.dll
0x00007ffa7b2e0000 - 0x00007ffa7b307000 	C:\WINDOWS\System32\bcrypt.dll
0x00007ffa7cf30000 - 0x00007ffa7cf9b000 	C:\WINDOWS\System32\WS2_32.dll
0x00007ffa6a6e0000 - 0x00007ffa6a707000 	C:\WINDOWS\SYSTEM32\WINMM.dll
0x00007ffa7ad60000 - 0x00007ffa7adab000 	C:\WINDOWS\SYSTEM32\POWRPROF.dll
0x00007ffa74800000 - 0x00007ffa7480a000 	C:\WINDOWS\SYSTEM32\VERSION.dll
0x00007ffa7acd0000 - 0x00007ffa7ace2000 	C:\WINDOWS\SYSTEM32\UMPDC.dll
0x00007ffa79180000 - 0x00007ffa79192000 	C:\WINDOWS\SYSTEM32\kernel.appcore.dll
0x00007ffa72aa0000 - 0x00007ffa72aaa000 	D:\AndroidStudio\jbr\bin\jimage.dll
0x00007ffa69040000 - 0x00007ffa69241000 	C:\WINDOWS\SYSTEM32\DBGHELP.DLL
0x00007ffa60b10000 - 0x00007ffa60b44000 	C:\WINDOWS\SYSTEM32\dbgcore.DLL
0x00007ffa7b460000 - 0x00007ffa7b4e2000 	C:\WINDOWS\System32\bcryptPrimitives.dll
0x00007ffa52650000 - 0x00007ffa5265e000 	D:\AndroidStudio\jbr\bin\instrument.dll
0x00007ffa63d50000 - 0x00007ffa63d70000 	D:\AndroidStudio\jbr\bin\java.dll
0x00007ffa63ba0000 - 0x00007ffa63bb8000 	D:\AndroidStudio\jbr\bin\zip.dll
0x00007ffa7c0c0000 - 0x00007ffa7c82e000 	C:\WINDOWS\System32\SHELL32.dll
0x00007ffa79380000 - 0x00007ffa79b24000 	C:\WINDOWS\SYSTEM32\windows.storage.dll
0x00007ffa7cbc0000 - 0x00007ffa7cf13000 	C:\WINDOWS\System32\combase.dll
0x00007ffa7aca0000 - 0x00007ffa7accb000 	C:\WINDOWS\SYSTEM32\Wldp.dll
0x00007ffa7bf40000 - 0x00007ffa7c00d000 	C:\WINDOWS\System32\OLEAUT32.dll
0x00007ffa7d190000 - 0x00007ffa7d23d000 	C:\WINDOWS\System32\SHCORE.dll
0x00007ffa7d130000 - 0x00007ffa7d18b000 	C:\WINDOWS\System32\shlwapi.dll
0x00007ffa7b210000 - 0x00007ffa7b234000 	C:\WINDOWS\SYSTEM32\profapi.dll
0x00007ffa6b0c0000 - 0x00007ffa6b0d0000 	D:\AndroidStudio\jbr\bin\net.dll
0x00007ffa76250000 - 0x00007ffa7635a000 	C:\WINDOWS\SYSTEM32\WINHTTP.dll
0x00007ffa7aa00000 - 0x00007ffa7aa6a000 	C:\WINDOWS\system32\mswsock.dll
0x00007ffa63930000 - 0x00007ffa63946000 	D:\AndroidStudio\jbr\bin\nio.dll
0x00007ffa5fa60000 - 0x00007ffa5fa70000 	D:\AndroidStudio\jbr\bin\verify.dll
0x00007ffa5efe0000 - 0x00007ffa5f007000 	C:\Users\Jaekwan\.gradle\native\1def1411415f61bf3af743bc5b6707747c0891f09f0c88961ee8f79bc544acac\windows-amd64\native-platform.dll
0x000000005b6b0000 - 0x000000005b723000 	C:\Users\Jaekwan\.gradle\native\0.2.5\x86_64-windows-gnu\gradle-fileevents.dll
0x00007ffa62a80000 - 0x00007ffa62a89000 	D:\AndroidStudio\jbr\bin\management.dll
0x00007ffa62a70000 - 0x00007ffa62a7b000 	D:\AndroidStudio\jbr\bin\management_ext.dll
0x00007ffa7c0b0000 - 0x00007ffa7c0b8000 	C:\WINDOWS\System32\PSAPI.DLL
0x00007ffa7ac00000 - 0x00007ffa7ac18000 	C:\WINDOWS\SYSTEM32\CRYPTSP.dll
0x00007ffa7a2c0000 - 0x00007ffa7a2f8000 	C:\WINDOWS\system32\rsaenh.dll
0x00007ffa7b190000 - 0x00007ffa7b1be000 	C:\WINDOWS\SYSTEM32\USERENV.dll
0x00007ffa7abf0000 - 0x00007ffa7abfc000 	C:\WINDOWS\SYSTEM32\CRYPTBASE.dll
0x00007ffa7a6e0000 - 0x00007ffa7a71b000 	C:\WINDOWS\SYSTEM32\IPHLPAPI.DLL
0x00007ffa7cf20000 - 0x00007ffa7cf28000 	C:\WINDOWS\System32\NSI.dll
0x00007ffa63920000 - 0x00007ffa63929000 	D:\AndroidStudio\jbr\bin\extnet.dll
0x00007ffa60190000 - 0x00007ffa60197000 	C:\WINDOWS\system32\wshunix.dll
0x000000005b630000 - 0x000000005b6a3000 	C:\Users\Jaekwan\AppData\Local\Temp\native-platform14902056894101873372dir\gradle-fileevents.dll
0x00007ffa4e670000 - 0x00007ffa4e677000 	D:\AndroidStudio\jbr\bin\rmi.dll

dbghelp: loaded successfully - version: 4.0.5 - missing functions: none
symbol engine: initialized successfully - sym options: 0x614 - pdb path: .;D:\AndroidStudio\jbr\bin;C:\WINDOWS\SYSTEM32;C:\WINDOWS\WinSxS\amd64_microsoft.windows.common-controls_6595b64144ccf1df_6.0.19041.5915_none_60b4b9d171f9c7c7;D:\AndroidStudio\jbr\bin\server;C:\Users\Jaekwan\.gradle\native\1def1411415f61bf3af743bc5b6707747c0891f09f0c88961ee8f79bc544acac\windows-amd64;C:\Users\Jaekwan\.gradle\native\0.2.5\x86_64-windows-gnu;C:\Users\Jaekwan\AppData\Local\Temp\native-platform14902056894101873372dir

VM Arguments:
jvm_args: --add-opens=java.base/java.lang=ALL-UNNAMED --add-opens=java.base/java.lang.invoke=ALL-UNNAMED --add-opens=java.base/java.util=ALL-UNNAMED --add-opens=java.prefs/java.util.prefs=ALL-UNNAMED --add-exports=jdk.compiler/com.sun.tools.javac.api=ALL-UNNAMED --add-exports=jdk.compiler/com.sun.tools.javac.util=ALL-UNNAMED --add-opens=java.base/java.util=ALL-UNNAMED --add-opens=java.prefs/java.util.prefs=ALL-UNNAMED --add-opens=java.base/java.nio.charset=ALL-UNNAMED --add-opens=java.base/java.net=ALL-UNNAMED --add-opens=java.base/java.util.concurrent.atomic=ALL-UNNAMED --add-opens=java.xml/javax.xml.namespace=ALL-UNNAMED -Xmx2048m -Dfile.encoding=UTF-8 -Duser.country=KR -Duser.language=ko -Duser.variant -javaagent:C:\Users\Jaekwan\.gradle\wrapper\dists\gradle-8.12-bin\cetblhg4pflnnks72fxwobvgv\gradle-8.12\lib\agents\gradle-instrumentation-agent-8.12.jar 
java_command: org.gradle.launcher.daemon.bootstrap.GradleDaemon 8.12
java_class_path (initial): C:\Users\Jaekwan\.gradle\wrapper\dists\gradle-8.12-bin\cetblhg4pflnnks72fxwobvgv\gradle-8.12\lib\gradle-daemon-main-8.12.jar
Launcher Type: SUN_STANDARD

[Global flags]
     intx CICompilerCount                          = 4                                         {product} {ergonomic}
     uint ConcGCThreads                            = 3                                         {product} {ergonomic}
     uint G1ConcRefinementThreads                  = 10                                        {product} {ergonomic}
   size_t G1HeapRegionSize                         = 1048576                                   {product} {ergonomic}
    uintx GCDrainStackTargetSize                   = 64                                        {product} {ergonomic}
   size_t InitialHeapSize                          = 268435456                                 {product} {ergonomic}
   size_t MarkStackSize                            = 4194304                                   {product} {ergonomic}
   size_t MaxHeapSize                              = 2147483648                                {product} {command line}
   size_t MaxNewSize                               = 1287651328                                {product} {ergonomic}
   size_t MinHeapDeltaBytes                        = 1048576                                   {product} {ergonomic}
   size_t MinHeapSize                              = 8388608                                   {product} {ergonomic}
    uintx NonNMethodCodeHeapSize                   = 5839372                                {pd product} {ergonomic}
    uintx NonProfiledCodeHeapSize                  = 122909434                              {pd product} {ergonomic}
    uintx ProfiledCodeHeapSize                     = 122909434                              {pd product} {ergonomic}
    uintx ReservedCodeCacheSize                    = 251658240                              {pd product} {ergonomic}
     bool SegmentedCodeCache                       = true                                      {product} {ergonomic}
   size_t SoftMaxHeapSize                          = 2147483648                             {manageable} {ergonomic}
     bool UseCompressedOops                        = true                           {product lp64_product} {ergonomic}
     bool UseG1GC                                  = true                                      {product} {ergonomic}
     bool UseLargePagesIndividualAllocation        = false                                  {pd product} {ergonomic}

Logging:
Log output configuration:
 #0: stdout all=warning uptime,level,tags foldmultilines=false
 #1: stderr all=off uptime,level,tags foldmultilines=false

Environment Variables:
PATH=C:\Program Files (x86)\NVIDIA Corporation\PhysX\Common;C:\Program Files\Oculus\Support\oculus-runtime;C:\Program Files\Common Files\Oracle\Java\javapath;C:\Program Files (x86)\Common Files\Oracle\Java\javapath;C:\WINDOWS\system32;C:\WINDOWS;C:\WINDOWS\System32\Wbem;C:\WINDOWS\System32\WindowsPowerShell\v1.0\;C:\WINDOWS\System32\OpenSSH\;C:\Program Files\nodejs\;C:\Program Files\Git\cmd;C:\MinGW\bin;C:\MinGW\msys\1.0\bin;C:\Python310\Scripts\;C:\Python310\;C:\Users\Jaekwan\AppData\Local\Microsoft\WindowsApps;C:\Users\\AppData\Local\afreeca;C:\Users\\AppData\Local\Programs\Microsoft VS Code\bin;C:\Users\\AppData\Roaming\npm;C:\Users\Jaekwan\AppData\Local\GitHubDesktop\bin
USERNAME=Jaekwan
OS=Windows_NT
PROCESSOR_IDENTIFIER=Intel64 Family 6 Model 165 Stepping 3, GenuineIntel
TMP=C:\Users\Jaekwan\AppData\Local\Temp
TEMP=C:\Users\Jaekwan\AppData\Local\Temp




Periodic native trim disabled

JNI global refs:
JNI global refs: 36, weak refs: 1

JNI global refs memory usage: 835, weak refs: 833

Process memory usage:
Resident Set Size: 580060K (3% of 16699176K total physical memory with 1370380K free physical memory)

OOME stack traces (most recent first):
Classloader memory used:
Loader org.gradle.internal.classloader.VisitableURLClassLoader$InstrumentingVisitableURLClassLoader: 52245K
Loader org.gradle.internal.classloader.VisitableURLClassLoader                         : 43586K
Loader bootstrap                                                                       : 31706K
Loader org.gradle.initialization.MixInLegacyTypesClassLoader                           : 12224K
Loader jdk.internal.reflect.DelegatingClassLoader                                      : 599K
Loader jdk.internal.loader.ClassLoaders$PlatformClassLoader                            : 545K
Loader jdk.internal.loader.ClassLoaders$AppClassLoader                                 : 236K
Loader org.gradle.internal.classloader.VisitableURLClassLoader                         : 92736B
Loader sun.reflect.misc.MethodUtil                                                     : 2952B


[error occurred during error reporting (Classloader stats), id 0xe0000001, Out of Memory Error (s\src\hotspot\share\memory\arena.cpp:168)]
---------------  S Y S T E M  ---------------

OS:
 Windows 10 , 64 bit Build 19041 (10.0.19041.5915)
OS uptime: 0 days 2:28 hours

CPU: total 12 (initial active 12) (6 cores per cpu, 2 threads per core) family 6 model 165 stepping 3 microcode 0xcc, cx8, cmov, fxsr, ht, mmx, 3dnowpref, sse, sse2, sse3, ssse3, sse4.1, sse4.2, popcnt, lzcnt, tsc, tscinvbit, avx, avx2, aes, erms, clmul, bmi1, bmi2, adx, fma, vzeroupper, clflush, clflushopt, rdtscp, f16c
Processor Information for the first 12 processors :
  Max Mhz: 3101, Current Mhz: 3101, Mhz Limit: 3101

Memory: 4k page, system-wide physical 16307M (1333M free)
TotalPageFile size 21851M (AvailPageFile size 5M)
current process WorkingSet (physical memory assigned to process): 567M, peak: 612M
current process commit charge ("private bytes"): 615M, peak: 663M

vm_info: OpenJDK 64-Bit Server VM (21.0.6+-13368085-b895.109) for windows-amd64 JRE (21.0.6+-13368085-b895.109), built on 2025-04-16T17:01:31Z by "builder" with MS VC++ 16.10 / 16.11 (VS2019)

END.
